-------------------------------------------------------------------------------
Test set: com.appengine.planit.spi.PlanitApiTest
-------------------------------------------------------------------------------
Tests run: 7, Failures: 0, Errors: 6, Skipped: 0, Time elapsed: 0.335 sec <<< FAILURE!
testGetProfileFirstTime(com.appengine.planit.spi.PlanitApiTest)  Time elapsed: 0.083 sec  <<< ERROR!
java.lang.StackOverflowError
	at com.appengine.planit.spi.PlanitApi.getUserId(PlanitApi.java:642)
	at com.appengine.planit.spi.PlanitApi.getUserId(PlanitApi.java:642)
	at com.appengine.planit.spi.PlanitApi.getUserId(PlanitApi.java:642)
	at com.appengine.planit.spi.PlanitApi.getUserId(PlanitApi.java:642)
	at com.appengine.planit.spi.PlanitApi.getUserId(PlanitApi.java:642)
	at com.appengine.planit.spi.PlanitApi.getUserId(PlanitApi.java:642)
	at com.appengine.planit.spi.PlanitApi.getUserId(PlanitApi.java:642)
	at com.appengine.planit.spi.PlanitApi.getUserId(PlanitApi.java:642)
	at com.appengine.planit.spi.PlanitApi.getUserId(PlanitApi.java:642)
	at com.appengine.planit.spi.PlanitApi.getUserId(PlanitApi.java:642)
	at com.appengine.planit.spi.PlanitApi.getUserId(PlanitApi.java:642)
	at com.appengine.planit.spi.PlanitApi.getUserId(PlanitApi.java:642)
	at com.appengine.planit.spi.PlanitApi.getUserId(PlanitApi.java:642)
	at com.appengine.planit.spi.PlanitApi.getUserId(PlanitApi.java:642)
	at com.appengine.planit.spi.PlanitApi.getUserId(PlanitApi.java:642)
	at com.appengine.planit.spi.PlanitApi.getUserId(PlanitApi.java:642)
	at com.appengine.planit.spi.PlanitApi.getUserId(PlanitApi.java:642)
	at com.appengine.planit.spi.PlanitApi.getUserId(PlanitApi.java:642)
	at com.appengine.planit.spi.PlanitApi.getUserId(PlanitApi.java:642)
	at com.appengine.planit.spi.PlanitApi.getUserId(PlanitApi.java:642)
	at com.appengine.planit.spi.PlanitApi.getUserId(PlanitApi.java:642)
	at com.appengine.planit.spi.PlanitApi.getUserId(PlanitApi.java:642)
	at com.appengine.planit.spi.PlanitApi.getUserId(PlanitApi.java:642)
	at com.appengine.planit.spi.PlanitApi.getUserId(PlanitApi.java:642)
	at com.appengine.planit.spi.PlanitApi.getUserId(PlanitApi.java:642)
	at com.appengine.planit.spi.PlanitApi.getUserId(PlanitApi.java:642)
	at com.appengine.planit.spi.PlanitApi.getUserId(PlanitApi.java:642)
	at com.appengine.planit.spi.PlanitApi.getUserId(PlanitApi.java:642)
	at com.appengine.planit.spi.PlanitApi.getUserId(PlanitApi.java:642)
	at com.appengine.planit.spi.PlanitApi.getUserId(PlanitApi.java:642)
	at com.appengine.planit.spi.PlanitApi.getUserId(PlanitApi.java:642)
	at com.appengine.planit.spi.PlanitApi.getUserId(PlanitApi.java:642)
	at com.appengine.planit.spi.PlanitApi.getUserId(PlanitApi.java:642)
	at com.appengine.planit.spi.PlanitApi.getUserId(PlanitApi.java:642)
	at com.appengine.planit.spi.PlanitApi.getUserId(PlanitApi.java:642)
	at com.appengine.planit.spi.PlanitApi.getUserId(PlanitApi.java:642)
	at com.appengine.planit.spi.PlanitApi.getUserId(PlanitApi.java:642)
	at com.appengine.planit.spi.PlanitApi.getUserId(PlanitApi.java:642)
	at com.appengine.planit.spi.PlanitApi.getUserId(PlanitApi.java:642)
	at com.appengine.planit.spi.PlanitApi.getUserId(PlanitApi.java:642)
	at com.appengine.planit.spi.PlanitApi.getUserId(PlanitApi.java:642)
	at com.appengine.planit.spi.PlanitApi.getUserId(PlanitApi.java:642)
	at com.appengine.planit.spi.PlanitApi.getUserId(PlanitApi.java:642)
	at com.appengine.planit.spi.PlanitApi.getUserId(PlanitApi.java:642)
	at com.appengine.planit.spi.PlanitApi.getUserId(PlanitApi.java:642)
	at com.appengine.planit.spi.PlanitApi.getUserId(PlanitApi.java:642)
	at com.appengine.planit.spi.PlanitApi.getUserId(PlanitApi.java:642)
	at com.appengine.planit.spi.PlanitApi.getUserId(PlanitApi.java:642)
	at com.appengine.planit.spi.PlanitApi.getUserId(PlanitApi.java:642)
	at com.appengine.planit.spi.PlanitApi.getUserId(PlanitApi.java:642)
	at com.appengine.planit.spi.PlanitApi.getUserId(PlanitApi.java:642)
	at com.appengine.planit.spi.PlanitApi.getUserId(PlanitApi.java:642)
	at com.appengine.planit.spi.PlanitApi.getUserId(PlanitApi.java:642)
	at com.appengine.planit.spi.PlanitApi.getUserId(PlanitApi.java:642)
	at com.appengine.planit.spi.PlanitApi.getUserId(PlanitApi.java:642)
	at com.appengine.planit.spi.PlanitApi.getUserId(PlanitApi.java:642)
	at com.appengine.planit.spi.PlanitApi.getUserId(PlanitApi.java:642)
	at com.appengine.planit.spi.PlanitApi.getUserId(PlanitApi.java:642)
	at com.appengine.planit.spi.PlanitApi.getUserId(PlanitApi.java:642)
	at com.appengine.planit.spi.PlanitApi.getUserId(PlanitApi.java:642)
	at com.appengine.planit.spi.PlanitApi.getUserId(PlanitApi.java:642)
	at com.appengine.planit.spi.PlanitApi.getUserId(PlanitApi.java:642)
	at com.appengine.planit.spi.PlanitApi.getUserId(PlanitApi.java:642)
	at com.appengine.planit.spi.PlanitApi.getUserId(PlanitApi.java:642)
	at com.appengine.planit.spi.PlanitApi.getUserId(PlanitApi.java:642)
	at com.appengine.planit.spi.PlanitApi.getUserId(PlanitApi.java:642)
	at com.appengine.planit.spi.PlanitApi.getUserId(PlanitApi.java:642)
	at com.appengine.planit.spi.PlanitApi.getUserId(PlanitApi.java:642)
	at com.appengine.planit.spi.PlanitApi.getUserId(PlanitApi.java:642)
	at com.appengine.planit.spi.PlanitApi.getUserId(PlanitApi.java:642)
	at com.appengine.planit.spi.PlanitApi.getUserId(PlanitApi.java:642)
	at com.appengine.planit.spi.PlanitApi.getUserId(PlanitApi.java:642)
	at com.appengine.planit.spi.PlanitApi.getUserId(PlanitApi.java:642)
	at com.appengine.planit.spi.PlanitApi.getUserId(PlanitApi.java:642)
	at com.appengine.planit.spi.PlanitApi.getUserId(PlanitApi.java:642)
	at com.appengine.planit.spi.PlanitApi.getUserId(PlanitApi.java:642)
	at com.appengine.planit.spi.PlanitApi.getUserId(PlanitApi.java:642)
	at com.appengine.planit.spi.PlanitApi.getUserId(PlanitApi.java:642)
	at com.appengine.planit.spi.PlanitApi.getUserId(PlanitApi.java:642)
	at com.appengine.planit.spi.PlanitApi.getUserId(PlanitApi.java:642)
	at com.appengine.planit.spi.PlanitApi.getUserId(PlanitApi.java:642)
	at com.appengine.planit.spi.PlanitApi.getUserId(PlanitApi.java:642)
	at com.appengine.planit.spi.PlanitApi.getUserId(PlanitApi.java:642)
	at com.appengine.planit.spi.PlanitApi.getUserId(PlanitApi.java:642)
	at com.appengine.planit.spi.PlanitApi.getUserId(PlanitApi.java:642)
	at com.appengine.planit.spi.PlanitApi.getUserId(PlanitApi.java:642)
	at com.appengine.planit.spi.PlanitApi.getUserId(PlanitApi.java:642)
	at com.appengine.planit.spi.PlanitApi.getUserId(PlanitApi.java:642)
	at com.appengine.planit.spi.PlanitApi.getUserId(PlanitApi.java:642)
	at com.appengine.planit.spi.PlanitApi.getUserId(PlanitApi.java:642)
	at com.appengine.planit.spi.PlanitApi.getUserId(PlanitApi.java:642)
	at com.appengine.planit.spi.PlanitApi.getUserId(PlanitApi.java:642)
	at com.appengine.planit.spi.PlanitApi.getUserId(PlanitApi.java:642)
	at com.appengine.planit.spi.PlanitApi.getUserId(PlanitApi.java:642)
	at com.appengine.planit.spi.PlanitApi.getUserId(PlanitApi.java:642)
	at com.appengine.planit.spi.PlanitApi.getUserId(PlanitApi.java:642)
	at com.appengine.planit.spi.PlanitApi.getUserId(PlanitApi.java:642)
	at com.appengine.planit.spi.PlanitApi.getUserId(PlanitApi.java:642)
	at com.appengine.planit.spi.PlanitApi.getUserId(PlanitApi.java:642)
	at com.appengine.planit.spi.PlanitApi.getUserId(PlanitApi.java:642)
	at com.appengine.planit.spi.PlanitApi.getUserId(PlanitApi.java:642)
	at com.appengine.planit.spi.PlanitApi.getUserId(PlanitApi.java:642)
	at com.appengine.planit.spi.PlanitApi.getUserId(PlanitApi.java:642)
	at com.appengine.planit.spi.PlanitApi.getUserId(PlanitApi.java:642)
	at com.appengine.planit.spi.PlanitApi.getUserId(PlanitApi.java:642)
	at com.appengine.planit.spi.PlanitApi.getUserId(PlanitApi.java:642)
	at com.appengine.planit.spi.PlanitApi.getUserId(PlanitApi.java:642)
	at com.appengine.planit.spi.PlanitApi.getUserId(PlanitApi.java:642)
	at com.appengine.planit.spi.PlanitApi.getUserId(PlanitApi.java:642)
	at com.appengine.planit.spi.PlanitApi.getUserId(PlanitApi.java:642)
	at com.appengine.planit.spi.PlanitApi.getUserId(PlanitApi.java:642)
	at com.appengine.planit.spi.PlanitApi.getUserId(PlanitApi.java:642)
	at com.appengine.planit.spi.PlanitApi.getUserId(PlanitApi.java:642)
	at com.appengine.planit.spi.PlanitApi.getUserId(PlanitApi.java:642)
	at com.appengine.planit.spi.PlanitApi.getUserId(PlanitApi.java:642)
	at com.appengine.planit.spi.PlanitApi.getUserId(PlanitApi.java:642)
	at com.appengine.planit.spi.PlanitApi.getUserId(PlanitApi.java:642)
	at com.appengine.planit.spi.PlanitApi.getUserId(PlanitApi.java:642)
	at com.appengine.planit.spi.PlanitApi.getUserId(PlanitApi.java:642)
	at com.appengine.planit.spi.PlanitApi.getUserId(PlanitApi.java:642)
	at com.appengine.planit.spi.PlanitApi.getUserId(PlanitApi.java:642)
	at com.appengine.planit.spi.PlanitApi.getUserId(PlanitApi.java:642)
	at com.appengine.planit.spi.PlanitApi.getUserId(PlanitApi.java:642)
	at com.appengine.planit.spi.PlanitApi.getUserId(PlanitApi.java:642)
	at com.appengine.planit.spi.PlanitApi.getUserId(PlanitApi.java:642)
	at com.appengine.planit.spi.PlanitApi.getUserId(PlanitApi.java:642)
	at com.appengine.planit.spi.PlanitApi.getUserId(PlanitApi.java:642)
	at com.appengine.planit.spi.PlanitApi.getUserId(PlanitApi.java:642)
	at com.appengine.planit.spi.PlanitApi.getUserId(PlanitApi.java:642)
	at com.appengine.planit.spi.PlanitApi.getUserId(PlanitApi.java:642)
	at com.appengine.planit.spi.PlanitApi.getUserId(PlanitApi.java:642)
	at com.appengine.planit.spi.PlanitApi.getUserId(PlanitApi.java:642)
	at com.appengine.planit.spi.PlanitApi.getUserId(PlanitApi.java:642)
	at com.appengine.planit.spi.PlanitApi.getUserId(PlanitApi.java:642)
	at com.appengine.planit.spi.PlanitApi.getUserId(PlanitApi.java:642)
	at com.appengine.planit.spi.PlanitApi.getUserId(PlanitApi.java:642)
	at com.appengine.planit.spi.PlanitApi.getUserId(PlanitApi.java:642)
	at com.appengine.planit.spi.PlanitApi.getUserId(PlanitApi.java:642)
	at com.appengine.planit.spi.PlanitApi.getUserId(PlanitApi.java:642)
	at com.appengine.planit.spi.PlanitApi.getUserId(PlanitApi.java:642)
	at com.appengine.planit.spi.PlanitApi.getUserId(PlanitApi.java:642)
	at com.appengine.planit.spi.PlanitApi.getUserId(PlanitApi.java:642)
	at com.appengine.planit.spi.PlanitApi.getUserId(PlanitApi.java:642)
	at com.appengine.planit.spi.PlanitApi.getUserId(PlanitApi.java:642)
	at com.appengine.planit.spi.PlanitApi.getUserId(PlanitApi.java:642)
	at com.appengine.planit.spi.PlanitApi.getUserId(PlanitApi.java:642)
	at com.appengine.planit.spi.PlanitApi.getUserId(PlanitApi.java:642)
	at com.appengine.planit.spi.PlanitApi.getUserId(PlanitApi.java:642)
	at com.appengine.planit.spi.PlanitApi.getUserId(PlanitApi.java:642)
	at com.appengine.planit.spi.PlanitApi.getUserId(PlanitApi.java:642)
	at com.appengine.planit.spi.PlanitApi.getUserId(PlanitApi.java:642)
	at com.appengine.planit.spi.PlanitApi.getUserId(PlanitApi.java:642)
	at com.appengine.planit.spi.PlanitApi.getUserId(PlanitApi.java:642)
	at com.appengine.planit.spi.PlanitApi.getUserId(PlanitApi.java:642)
	at com.appengine.planit.spi.PlanitApi.getUserId(PlanitApi.java:642)
	at com.appengine.planit.spi.PlanitApi.getUserId(PlanitApi.java:642)
	at com.appengine.planit.spi.PlanitApi.getUserId(PlanitApi.java:642)
	at com.appengine.planit.spi.PlanitApi.getUserId(PlanitApi.java:642)
	at com.appengine.planit.spi.PlanitApi.getUserId(PlanitApi.java:642)
	at com.appengine.planit.spi.PlanitApi.getUserId(PlanitApi.java:642)
	at com.appengine.planit.spi.PlanitApi.getUserId(PlanitApi.java:642)
	at com.appengine.planit.spi.PlanitApi.getUserId(PlanitApi.java:642)
	at com.appengine.planit.spi.PlanitApi.getUserId(PlanitApi.java:642)
	at com.appengine.planit.spi.PlanitApi.getUserId(PlanitApi.java:642)
	at com.appengine.planit.spi.PlanitApi.getUserId(PlanitApi.java:642)
	at com.appengine.planit.spi.PlanitApi.getUserId(PlanitApi.java:642)
	at com.appengine.planit.spi.PlanitApi.getUserId(PlanitApi.java:642)
	at com.appengine.planit.spi.PlanitApi.getUserId(PlanitApi.java:642)
	at com.appengine.planit.spi.PlanitApi.getUserId(PlanitApi.java:642)
	at com.appengine.planit.spi.PlanitApi.getUserId(PlanitApi.java:642)
	at com.appengine.planit.spi.PlanitApi.getUserId(PlanitApi.java:642)
	at com.appengine.planit.spi.PlanitApi.getUserId(PlanitApi.java:642)
	at com.appengine.planit.spi.PlanitApi.getUserId(PlanitApi.java:642)
	at com.appengine.planit.spi.PlanitApi.getUserId(PlanitApi.java:642)
	at com.appengine.planit.spi.PlanitApi.getUserId(PlanitApi.java:642)
	at com.appengine.planit.spi.PlanitApi.getUserId(PlanitApi.java:642)
	at com.appengine.planit.spi.PlanitApi.getUserId(PlanitApi.java:642)
	at com.appengine.planit.spi.PlanitApi.getUserId(PlanitApi.java:642)
	at com.appengine.planit.spi.PlanitApi.getUserId(PlanitApi.java:642)
	at com.appengine.planit.spi.PlanitApi.getUserId(PlanitApi.java:642)
	at com.appengine.planit.spi.PlanitApi.getUserId(PlanitApi.java:642)
	at com.appengine.planit.spi.PlanitApi.getUserId(PlanitApi.java:642)
	at com.appengine.planit.spi.PlanitApi.getUserId(PlanitApi.java:642)
	at com.appengine.planit.spi.PlanitApi.getUserId(PlanitApi.java:642)
	at com.appengine.planit.spi.PlanitApi.getUserId(PlanitApi.java:642)
	at com.appengine.planit.spi.PlanitApi.getUserId(PlanitApi.java:642)
	at com.appengine.planit.spi.PlanitApi.getUserId(PlanitApi.java:642)
	at com.appengine.planit.spi.PlanitApi.getUserId(PlanitApi.java:642)
	at com.appengine.planit.spi.PlanitApi.getUserId(PlanitApi.java:642)
	at com.appengine.planit.spi.PlanitApi.getUserId(PlanitApi.java:642)
	at com.appengine.planit.spi.PlanitApi.getUserId(PlanitApi.java:642)
	at com.appengine.planit.spi.PlanitApi.getUserId(PlanitApi.java:642)
	at com.appengine.planit.spi.PlanitApi.getUserId(PlanitApi.java:642)
	at com.appengine.planit.spi.PlanitApi.getUserId(PlanitApi.java:642)
	at com.appengine.planit.spi.PlanitApi.getUserId(PlanitApi.java:642)
	at com.appengine.planit.spi.PlanitApi.getUserId(PlanitApi.java:642)
	at com.appengine.planit.spi.PlanitApi.getUserId(PlanitApi.java:642)
	at com.appengine.planit.spi.PlanitApi.getUserId(PlanitApi.java:642)
	at com.appengine.planit.spi.PlanitApi.getUserId(PlanitApi.java:642)
	at com.appengine.planit.spi.PlanitApi.getUserId(PlanitApi.java:642)
	at com.appengine.planit.spi.PlanitApi.getUserId(PlanitApi.java:642)
	at com.appengine.planit.spi.PlanitApi.getUserId(PlanitApi.java:642)
	at com.appengine.planit.spi.PlanitApi.getUserId(PlanitApi.java:642)
	at com.appengine.planit.spi.PlanitApi.getUserId(PlanitApi.java:642)
	at com.appengine.planit.spi.PlanitApi.getUserId(PlanitApi.java:642)
	at com.appengine.planit.spi.PlanitApi.getUserId(PlanitApi.java:642)
	at com.appengine.planit.spi.PlanitApi.getUserId(PlanitApi.java:642)
	at com.appengine.planit.spi.PlanitApi.getUserId(PlanitApi.java:642)
	at com.appengine.planit.spi.PlanitApi.getUserId(PlanitApi.java:642)
	at com.appengine.planit.spi.PlanitApi.getUserId(PlanitApi.java:642)
	at com.appengine.planit.spi.PlanitApi.getUserId(PlanitApi.java:642)
	at com.appengine.planit.spi.PlanitApi.getUserId(PlanitApi.java:642)
	at com.appengine.planit.spi.PlanitApi.getUserId(PlanitApi.java:642)
	at com.appengine.planit.spi.PlanitApi.getUserId(PlanitApi.java:642)
	at com.appengine.planit.spi.PlanitApi.getUserId(PlanitApi.java:642)
	at com.appengine.planit.spi.PlanitApi.getUserId(PlanitApi.java:642)
	at com.appengine.planit.spi.PlanitApi.getUserId(PlanitApi.java:642)
	at com.appengine.planit.spi.PlanitApi.getUserId(PlanitApi.java:642)
	at com.appengine.planit.spi.PlanitApi.getUserId(PlanitApi.java:642)
	at com.appengine.planit.spi.PlanitApi.getUserId(PlanitApi.java:642)
	at com.appengine.planit.spi.PlanitApi.getUserId(PlanitApi.java:642)
	at com.appengine.planit.spi.PlanitApi.getUserId(PlanitApi.java:642)
	at com.appengine.planit.spi.PlanitApi.getUserId(PlanitApi.java:642)
	at com.appengine.planit.spi.PlanitApi.getUserId(PlanitApi.java:642)
	at com.appengine.planit.spi.PlanitApi.getUserId(PlanitApi.java:642)
	at com.appengine.planit.spi.PlanitApi.getUserId(PlanitApi.java:642)
	at com.appengine.planit.spi.PlanitApi.getUserId(PlanitApi.java:642)
	at com.appengine.planit.spi.PlanitApi.getUserId(PlanitApi.java:642)
	at com.appengine.planit.spi.PlanitApi.getUserId(PlanitApi.java:642)
	at com.appengine.planit.spi.PlanitApi.getUserId(PlanitApi.java:642)
	at com.appengine.planit.spi.PlanitApi.getUserId(PlanitApi.java:642)
	at com.appengine.planit.spi.PlanitApi.getUserId(PlanitApi.java:642)
	at com.appengine.planit.spi.PlanitApi.getUserId(PlanitApi.java:642)
	at com.appengine.planit.spi.PlanitApi.getUserId(PlanitApi.java:642)
	at com.appengine.planit.spi.PlanitApi.getUserId(PlanitApi.java:642)
	at com.appengine.planit.spi.PlanitApi.getUserId(PlanitApi.java:642)
	at com.appengine.planit.spi.PlanitApi.getUserId(PlanitApi.java:642)
	at com.appengine.planit.spi.PlanitApi.getUserId(PlanitApi.java:642)
	at com.appengine.planit.spi.PlanitApi.getUserId(PlanitApi.java:642)
	at com.appengine.planit.spi.PlanitApi.getUserId(PlanitApi.java:642)
	at com.appengine.planit.spi.PlanitApi.getUserId(PlanitApi.java:642)
	at com.appengine.planit.spi.PlanitApi.getUserId(PlanitApi.java:642)
	at com.appengine.planit.spi.PlanitApi.getUserId(PlanitApi.java:642)
	at com.appengine.planit.spi.PlanitApi.getUserId(PlanitApi.java:642)
	at com.appengine.planit.spi.PlanitApi.getUserId(PlanitApi.java:642)
	at com.appengine.planit.spi.PlanitApi.getUserId(PlanitApi.java:642)
	at com.appengine.planit.spi.PlanitApi.getUserId(PlanitApi.java:642)
	at com.appengine.planit.spi.PlanitApi.getUserId(PlanitApi.java:642)
	at com.appengine.planit.spi.PlanitApi.getUserId(PlanitApi.java:642)
	at com.appengine.planit.spi.PlanitApi.getUserId(PlanitApi.java:642)
	at com.appengine.planit.spi.PlanitApi.getUserId(PlanitApi.java:642)
	at com.appengine.planit.spi.PlanitApi.getUserId(PlanitApi.java:642)
	at com.appengine.planit.spi.PlanitApi.getUserId(PlanitApi.java:642)
	at com.appengine.planit.spi.PlanitApi.getUserId(PlanitApi.java:642)
	at com.appengine.planit.spi.PlanitApi.getUserId(PlanitApi.java:642)
	at com.appengine.planit.spi.PlanitApi.getUserId(PlanitApi.java:642)
	at com.appengine.planit.spi.PlanitApi.getUserId(PlanitApi.java:642)
	at com.appengine.planit.spi.PlanitApi.getUserId(PlanitApi.java:642)
	at com.appengine.planit.spi.PlanitApi.getUserId(PlanitApi.java:642)
	at com.appengine.planit.spi.PlanitApi.getUserId(PlanitApi.java:642)
	at com.appengine.planit.spi.PlanitApi.getUserId(PlanitApi.java:642)
	at com.appengine.planit.spi.PlanitApi.getUserId(PlanitApi.java:642)
	at com.appengine.planit.spi.PlanitApi.getUserId(PlanitApi.java:642)
	at com.appengine.planit.spi.PlanitApi.getUserId(PlanitApi.java:642)
	at com.appengine.planit.spi.PlanitApi.getUserId(PlanitApi.java:642)
	at com.appengine.planit.spi.PlanitApi.getUserId(PlanitApi.java:642)
	at com.appengine.planit.spi.PlanitApi.getUserId(PlanitApi.java:642)
	at com.appengine.planit.spi.PlanitApi.getUserId(PlanitApi.java:642)
	at com.appengine.planit.spi.PlanitApi.getUserId(PlanitApi.java:642)
	at com.appengine.planit.spi.PlanitApi.getUserId(PlanitApi.java:642)
	at com.appengine.planit.spi.PlanitApi.getUserId(PlanitApi.java:642)
	at com.appengine.planit.spi.PlanitApi.getUserId(PlanitApi.java:642)
	at com.appengine.planit.spi.PlanitApi.getUserId(PlanitApi.java:642)
	at com.appengine.planit.spi.PlanitApi.getUserId(PlanitApi.java:642)
	at com.appengine.planit.spi.PlanitApi.getUserId(PlanitApi.java:642)
	at com.appengine.planit.spi.PlanitApi.getUserId(PlanitApi.java:642)
	at com.appengine.planit.spi.PlanitApi.getUserId(PlanitApi.java:642)
	at com.appengine.planit.spi.PlanitApi.getUserId(PlanitApi.java:642)
	at com.appengine.planit.spi.PlanitApi.getUserId(PlanitApi.java:642)
	at com.appengine.planit.spi.PlanitApi.getUserId(PlanitApi.java:642)
	at com.appengine.planit.spi.PlanitApi.getUserId(PlanitApi.java:642)
	at com.appengine.planit.spi.PlanitApi.getUserId(PlanitApi.java:642)
	at com.appengine.planit.spi.PlanitApi.getUserId(PlanitApi.java:642)
	at com.appengine.planit.spi.PlanitApi.getUserId(PlanitApi.java:642)
	at com.appengine.planit.spi.PlanitApi.getUserId(PlanitApi.java:642)
	at com.appengine.planit.spi.PlanitApi.getUserId(PlanitApi.java:642)
	at com.appengine.planit.spi.PlanitApi.getUserId(PlanitApi.java:642)
	at com.appengine.planit.spi.PlanitApi.getUserId(PlanitApi.java:642)
	at com.appengine.planit.spi.PlanitApi.getUserId(PlanitApi.java:642)
	at com.appengine.planit.spi.PlanitApi.getUserId(PlanitApi.java:642)
	at com.appengine.planit.spi.PlanitApi.getUserId(PlanitApi.java:642)
	at com.appengine.planit.spi.PlanitApi.getUserId(PlanitApi.java:642)
	at com.appengine.planit.spi.PlanitApi.getUserId(PlanitApi.java:642)
	at com.appengine.planit.spi.PlanitApi.getUserId(PlanitApi.java:642)
	at com.appengine.planit.spi.PlanitApi.getUserId(PlanitApi.java:642)
	at com.appengine.planit.spi.PlanitApi.getUserId(PlanitApi.java:642)
	at com.appengine.planit.spi.PlanitApi.getUserId(PlanitApi.java:642)
	at com.appengine.planit.spi.PlanitApi.getUserId(PlanitApi.java:642)
	at com.appengine.planit.spi.PlanitApi.getUserId(PlanitApi.java:642)
	at com.appengine.planit.spi.PlanitApi.getUserId(PlanitApi.java:642)
	at com.appengine.planit.spi.PlanitApi.getUserId(PlanitApi.java:642)
	at com.appengine.planit.spi.PlanitApi.getUserId(PlanitApi.java:642)
	at com.appengine.planit.spi.PlanitApi.getUserId(PlanitApi.java:642)
	at com.appengine.planit.spi.PlanitApi.getUserId(PlanitApi.java:642)
	at com.appengine.planit.spi.PlanitApi.getUserId(PlanitApi.java:642)
	at com.appengine.planit.spi.PlanitApi.getUserId(PlanitApi.java:642)
	at com.appengine.planit.spi.PlanitApi.getUserId(PlanitApi.java:642)
	at com.appengine.planit.spi.PlanitApi.getUserId(PlanitApi.java:642)
	at com.appengine.planit.spi.PlanitApi.getUserId(PlanitApi.java:642)
	at com.appengine.planit.spi.PlanitApi.getUserId(PlanitApi.java:642)
	at com.appengine.planit.spi.PlanitApi.getUserId(PlanitApi.java:642)
	at com.appengine.planit.spi.PlanitApi.getUserId(PlanitApi.java:642)
	at com.appengine.planit.spi.PlanitApi.getUserId(PlanitApi.java:642)
	at com.appengine.planit.spi.PlanitApi.getUserId(PlanitApi.java:642)
	at com.appengine.planit.spi.PlanitApi.getUserId(PlanitApi.java:642)
	at com.appengine.planit.spi.PlanitApi.getUserId(PlanitApi.java:642)
	at com.appengine.planit.spi.PlanitApi.getUserId(PlanitApi.java:642)
	at com.appengine.planit.spi.PlanitApi.getUserId(PlanitApi.java:642)
	at com.appengine.planit.spi.PlanitApi.getUserId(PlanitApi.java:642)
	at com.appengine.planit.spi.PlanitApi.getUserId(PlanitApi.java:642)
	at com.appengine.planit.spi.PlanitApi.getUserId(PlanitApi.java:642)
	at com.appengine.planit.spi.PlanitApi.getUserId(PlanitApi.java:642)
	at com.appengine.planit.spi.PlanitApi.getUserId(PlanitApi.java:642)
	at com.appengine.planit.spi.PlanitApi.getUserId(PlanitApi.java:642)
	at com.appengine.planit.spi.PlanitApi.getUserId(PlanitApi.java:642)
	at com.appengine.planit.spi.PlanitApi.getUserId(PlanitApi.java:642)
	at com.appengine.planit.spi.PlanitApi.getUserId(PlanitApi.java:642)
	at com.appengine.planit.spi.PlanitApi.getUserId(PlanitApi.java:642)
	at com.appengine.planit.spi.PlanitApi.getUserId(PlanitApi.java:642)
	at com.appengine.planit.spi.PlanitApi.getUserId(PlanitApi.java:642)
	at com.appengine.planit.spi.PlanitApi.getUserId(PlanitApi.java:642)
	at com.appengine.planit.spi.PlanitApi.getUserId(PlanitApi.java:642)
	at com.appengine.planit.spi.PlanitApi.getUserId(PlanitApi.java:642)
	at com.appengine.planit.spi.PlanitApi.getUserId(PlanitApi.java:642)
	at com.appengine.planit.spi.PlanitApi.getUserId(PlanitApi.java:642)
	at com.appengine.planit.spi.PlanitApi.getUserId(PlanitApi.java:642)
	at com.appengine.planit.spi.PlanitApi.getUserId(PlanitApi.java:642)
	at com.appengine.planit.spi.PlanitApi.getUserId(PlanitApi.java:642)
	at com.appengine.planit.spi.PlanitApi.getUserId(PlanitApi.java:642)
	at com.appengine.planit.spi.PlanitApi.getUserId(PlanitApi.java:642)
	at com.appengine.planit.spi.PlanitApi.getUserId(PlanitApi.java:642)
	at com.appengine.planit.spi.PlanitApi.getUserId(PlanitApi.java:642)
	at com.appengine.planit.spi.PlanitApi.getUserId(PlanitApi.java:642)
	at com.appengine.planit.spi.PlanitApi.getUserId(PlanitApi.java:642)
	at com.appengine.planit.spi.PlanitApi.getUserId(PlanitApi.java:642)
	at com.appengine.planit.spi.PlanitApi.getUserId(PlanitApi.java:642)
	at com.appengine.planit.spi.PlanitApi.getUserId(PlanitApi.java:642)
	at com.appengine.planit.spi.PlanitApi.getUserId(PlanitApi.java:642)
	at com.appengine.planit.spi.PlanitApi.getUserId(PlanitApi.java:642)
	at com.appengine.planit.spi.PlanitApi.getUserId(PlanitApi.java:642)
	at com.appengine.planit.spi.PlanitApi.getUserId(PlanitApi.java:642)
	at com.appengine.planit.spi.PlanitApi.getUserId(PlanitApi.java:642)
	at com.appengine.planit.spi.PlanitApi.getUserId(PlanitApi.java:642)
	at com.appengine.planit.spi.PlanitApi.getUserId(PlanitApi.java:642)
	at com.appengine.planit.spi.PlanitApi.getUserId(PlanitApi.java:642)
	at com.appengine.planit.spi.PlanitApi.getUserId(PlanitApi.java:642)
	at com.appengine.planit.spi.PlanitApi.getUserId(PlanitApi.java:642)
	at com.appengine.planit.spi.PlanitApi.getUserId(PlanitApi.java:642)
	at com.appengine.planit.spi.PlanitApi.getUserId(PlanitApi.java:642)
	at com.appengine.planit.spi.PlanitApi.getUserId(PlanitApi.java:642)
	at com.appengine.planit.spi.PlanitApi.getUserId(PlanitApi.java:642)
	at com.appengine.planit.spi.PlanitApi.getUserId(PlanitApi.java:642)
	at com.appengine.planit.spi.PlanitApi.getUserId(PlanitApi.java:642)
	at com.appengine.planit.spi.PlanitApi.getUserId(PlanitApi.java:642)
	at com.appengine.planit.spi.PlanitApi.getUserId(PlanitApi.java:642)
	at com.appengine.planit.spi.PlanitApi.getUserId(PlanitApi.java:642)
	at com.appengine.planit.spi.PlanitApi.getUserId(PlanitApi.java:642)
	at com.appengine.planit.spi.PlanitApi.getUserId(PlanitApi.java:642)
	at com.appengine.planit.spi.PlanitApi.getUserId(PlanitApi.java:642)
	at com.appengine.planit.spi.PlanitApi.getUserId(PlanitApi.java:642)
	at com.appengine.planit.spi.PlanitApi.getUserId(PlanitApi.java:642)
	at com.appengine.planit.spi.PlanitApi.getUserId(PlanitApi.java:642)
	at com.appengine.planit.spi.PlanitApi.getUserId(PlanitApi.java:642)
	at com.appengine.planit.spi.PlanitApi.getUserId(PlanitApi.java:642)
	at com.appengine.planit.spi.PlanitApi.getUserId(PlanitApi.java:642)
	at com.appengine.planit.spi.PlanitApi.getUserId(PlanitApi.java:642)
	at com.appengine.planit.spi.PlanitApi.getUserId(PlanitApi.java:642)
	at com.appengine.planit.spi.PlanitApi.getUserId(PlanitApi.java:642)
	at com.appengine.planit.spi.PlanitApi.getUserId(PlanitApi.java:642)
	at com.appengine.planit.spi.PlanitApi.getUserId(PlanitApi.java:642)
	at com.appengine.planit.spi.PlanitApi.getUserId(PlanitApi.java:642)
	at com.appengine.planit.spi.PlanitApi.getUserId(PlanitApi.java:642)
	at com.appengine.planit.spi.PlanitApi.getUserId(PlanitApi.java:642)
	at com.appengine.planit.spi.PlanitApi.getUserId(PlanitApi.java:642)
	at com.appengine.planit.spi.PlanitApi.getUserId(PlanitApi.java:642)
	at com.appengine.planit.spi.PlanitApi.getUserId(PlanitApi.java:642)
	at com.appengine.planit.spi.PlanitApi.getUserId(PlanitApi.java:642)
	at com.appengine.planit.spi.PlanitApi.getUserId(PlanitApi.java:642)
	at com.appengine.planit.spi.PlanitApi.getUserId(PlanitApi.java:642)
	at com.appengine.planit.spi.PlanitApi.getUserId(PlanitApi.java:642)
	at com.appengine.planit.spi.PlanitApi.getUserId(PlanitApi.java:642)
	at com.appengine.planit.spi.PlanitApi.getUserId(PlanitApi.java:642)
	at com.appengine.planit.spi.PlanitApi.getUserId(PlanitApi.java:642)
	at com.appengine.planit.spi.PlanitApi.getUserId(PlanitApi.java:642)
	at com.appengine.planit.spi.PlanitApi.getUserId(PlanitApi.java:642)
	at com.appengine.planit.spi.PlanitApi.getUserId(PlanitApi.java:642)
	at com.appengine.planit.spi.PlanitApi.getUserId(PlanitApi.java:642)
	at com.appengine.planit.spi.PlanitApi.getUserId(PlanitApi.java:642)
	at com.appengine.planit.spi.PlanitApi.getUserId(PlanitApi.java:642)
	at com.appengine.planit.spi.PlanitApi.getUserId(PlanitApi.java:642)
	at com.appengine.planit.spi.PlanitApi.getUserId(PlanitApi.java:642)
	at com.appengine.planit.spi.PlanitApi.getUserId(PlanitApi.java:642)
	at com.appengine.planit.spi.PlanitApi.getUserId(PlanitApi.java:642)
	at com.appengine.planit.spi.PlanitApi.getUserId(PlanitApi.java:642)
	at com.appengine.planit.spi.PlanitApi.getUserId(PlanitApi.java:642)
	at com.appengine.planit.spi.PlanitApi.getUserId(PlanitApi.java:642)
	at com.appengine.planit.spi.PlanitApi.getUserId(PlanitApi.java:642)
	at com.appengine.planit.spi.PlanitApi.getUserId(PlanitApi.java:642)
	at com.appengine.planit.spi.PlanitApi.getUserId(PlanitApi.java:642)
	at com.appengine.planit.spi.PlanitApi.getUserId(PlanitApi.java:642)
	at com.appengine.planit.spi.PlanitApi.getUserId(PlanitApi.java:642)
	at com.appengine.planit.spi.PlanitApi.getUserId(PlanitApi.java:642)
	at com.appengine.planit.spi.PlanitApi.getUserId(PlanitApi.java:642)
	at com.appengine.planit.spi.PlanitApi.getUserId(PlanitApi.java:642)
	at com.appengine.planit.spi.PlanitApi.getUserId(PlanitApi.java:642)
	at com.appengine.planit.spi.PlanitApi.getUserId(PlanitApi.java:642)
	at com.appengine.planit.spi.PlanitApi.getUserId(PlanitApi.java:642)
	at com.appengine.planit.spi.PlanitApi.getUserId(PlanitApi.java:642)
	at com.appengine.planit.spi.PlanitApi.getUserId(PlanitApi.java:642)
	at com.appengine.planit.spi.PlanitApi.getUserId(PlanitApi.java:642)
	at com.appengine.planit.spi.PlanitApi.getUserId(PlanitApi.java:642)
	at com.appengine.planit.spi.PlanitApi.getUserId(PlanitApi.java:642)
	at com.appengine.planit.spi.PlanitApi.getUserId(PlanitApi.java:642)
	at com.appengine.planit.spi.PlanitApi.getUserId(PlanitApi.java:642)
	at com.appengine.planit.spi.PlanitApi.getUserId(PlanitApi.java:642)
	at com.appengine.planit.spi.PlanitApi.getUserId(PlanitApi.java:642)
	at com.appengine.planit.spi.PlanitApi.getUserId(PlanitApi.java:642)
	at com.appengine.planit.spi.PlanitApi.getUserId(PlanitApi.java:642)
	at com.appengine.planit.spi.PlanitApi.getUserId(PlanitApi.java:642)
	at com.appengine.planit.spi.PlanitApi.getUserId(PlanitApi.java:642)
	at com.appengine.planit.spi.PlanitApi.getUserId(PlanitApi.java:642)
	at com.appengine.planit.spi.PlanitApi.getUserId(PlanitApi.java:642)
	at com.appengine.planit.spi.PlanitApi.getUserId(PlanitApi.java:642)
	at com.appengine.planit.spi.PlanitApi.getUserId(PlanitApi.java:642)
	at com.appengine.planit.spi.PlanitApi.getUserId(PlanitApi.java:642)
	at com.appengine.planit.spi.PlanitApi.getUserId(PlanitApi.java:642)
	at com.appengine.planit.spi.PlanitApi.getUserId(PlanitApi.java:642)
	at com.appengine.planit.spi.PlanitApi.getUserId(PlanitApi.java:642)
	at com.appengine.planit.spi.PlanitApi.getUserId(PlanitApi.java:642)
	at com.appengine.planit.spi.PlanitApi.getUserId(PlanitApi.java:642)
	at com.appengine.planit.spi.PlanitApi.getUserId(PlanitApi.java:642)
	at com.appengine.planit.spi.PlanitApi.getUserId(PlanitApi.java:642)
	at com.appengine.planit.spi.PlanitApi.getUserId(PlanitApi.java:642)
	at com.appengine.planit.spi.PlanitApi.getUserId(PlanitApi.java:642)
	at com.appengine.planit.spi.PlanitApi.getUserId(PlanitApi.java:642)
	at com.appengine.planit.spi.PlanitApi.getUserId(PlanitApi.java:642)
	at com.appengine.planit.spi.PlanitApi.getUserId(PlanitApi.java:642)
	at com.appengine.planit.spi.PlanitApi.getUserId(PlanitApi.java:642)
	at com.appengine.planit.spi.PlanitApi.getUserId(PlanitApi.java:642)
	at com.appengine.planit.spi.PlanitApi.getUserId(PlanitApi.java:642)
	at com.appengine.planit.spi.PlanitApi.getUserId(PlanitApi.java:642)
	at com.appengine.planit.spi.PlanitApi.getUserId(PlanitApi.java:642)
	at com.appengine.planit.spi.PlanitApi.getUserId(PlanitApi.java:642)
	at com.appengine.planit.spi.PlanitApi.getUserId(PlanitApi.java:642)
	at com.appengine.planit.spi.PlanitApi.getUserId(PlanitApi.java:642)
	at com.appengine.planit.spi.PlanitApi.getUserId(PlanitApi.java:642)
	at com.appengine.planit.spi.PlanitApi.getUserId(PlanitApi.java:642)
	at com.appengine.planit.spi.PlanitApi.getUserId(PlanitApi.java:642)
	at com.appengine.planit.spi.PlanitApi.getUserId(PlanitApi.java:642)
	at com.appengine.planit.spi.PlanitApi.getUserId(PlanitApi.java:642)
	at com.appengine.planit.spi.PlanitApi.getUserId(PlanitApi.java:642)
	at com.appengine.planit.spi.PlanitApi.getUserId(PlanitApi.java:642)
	at com.appengine.planit.spi.PlanitApi.getUserId(PlanitApi.java:642)
	at com.appengine.planit.spi.PlanitApi.getUserId(PlanitApi.java:642)
	at com.appengine.planit.spi.PlanitApi.getUserId(PlanitApi.java:642)
	at com.appengine.planit.spi.PlanitApi.getUserId(PlanitApi.java:642)
	at com.appengine.planit.spi.PlanitApi.getUserId(PlanitApi.java:642)
	at com.appengine.planit.spi.PlanitApi.getUserId(PlanitApi.java:642)
	at com.appengine.planit.spi.PlanitApi.getUserId(PlanitApi.java:642)
	at com.appengine.planit.spi.PlanitApi.getUserId(PlanitApi.java:642)
	at com.appengine.planit.spi.PlanitApi.getUserId(PlanitApi.java:642)
	at com.appengine.planit.spi.PlanitApi.getUserId(PlanitApi.java:642)
	at com.appengine.planit.spi.PlanitApi.getUserId(PlanitApi.java:642)
	at com.appengine.planit.spi.PlanitApi.getUserId(PlanitApi.java:642)
	at com.appengine.planit.spi.PlanitApi.getUserId(PlanitApi.java:642)
	at com.appengine.planit.spi.PlanitApi.getUserId(PlanitApi.java:642)
	at com.appengine.planit.spi.PlanitApi.getUserId(PlanitApi.java:642)
	at com.appengine.planit.spi.PlanitApi.getUserId(PlanitApi.java:642)
	at com.appengine.planit.spi.PlanitApi.getUserId(PlanitApi.java:642)
	at com.appengine.planit.spi.PlanitApi.getUserId(PlanitApi.java:642)
	at com.appengine.planit.spi.PlanitApi.getUserId(PlanitApi.java:642)
	at com.appengine.planit.spi.PlanitApi.getUserId(PlanitApi.java:642)
	at com.appengine.planit.spi.PlanitApi.getUserId(PlanitApi.java:642)
	at com.appengine.planit.spi.PlanitApi.getUserId(PlanitApi.java:642)
	at com.appengine.planit.spi.PlanitApi.getUserId(PlanitApi.java:642)
	at com.appengine.planit.spi.PlanitApi.getUserId(PlanitApi.java:642)
	at com.appengine.planit.spi.PlanitApi.getUserId(PlanitApi.java:642)
	at com.appengine.planit.spi.PlanitApi.getUserId(PlanitApi.java:642)
	at com.appengine.planit.spi.PlanitApi.getUserId(PlanitApi.java:642)
	at com.appengine.planit.spi.PlanitApi.getUserId(PlanitApi.java:642)
	at com.appengine.planit.spi.PlanitApi.getUserId(PlanitApi.java:642)
	at com.appengine.planit.spi.PlanitApi.getUserId(PlanitApi.java:642)
	at com.appengine.planit.spi.PlanitApi.getUserId(PlanitApi.java:642)
	at com.appengine.planit.spi.PlanitApi.getUserId(PlanitApi.java:642)
	at com.appengine.planit.spi.PlanitApi.getUserId(PlanitApi.java:642)
	at com.appengine.planit.spi.PlanitApi.getUserId(PlanitApi.java:642)
	at com.appengine.planit.spi.PlanitApi.getUserId(PlanitApi.java:642)
	at com.appengine.planit.spi.PlanitApi.getUserId(PlanitApi.java:642)
	at com.appengine.planit.spi.PlanitApi.getUserId(PlanitApi.java:642)
	at com.appengine.planit.spi.PlanitApi.getUserId(PlanitApi.java:642)
	at com.appengine.planit.spi.PlanitApi.getUserId(PlanitApi.java:642)
	at com.appengine.planit.spi.PlanitApi.getUserId(PlanitApi.java:642)
	at com.appengine.planit.spi.PlanitApi.getUserId(PlanitApi.java:642)
	at com.appengine.planit.spi.PlanitApi.getUserId(PlanitApi.java:642)
	at com.appengine.planit.spi.PlanitApi.getUserId(PlanitApi.java:642)
	at com.appengine.planit.spi.PlanitApi.getUserId(PlanitApi.java:642)
	at com.appengine.planit.spi.PlanitApi.getUserId(PlanitApi.java:642)
	at com.appengine.planit.spi.PlanitApi.getUserId(PlanitApi.java:642)
	at com.appengine.planit.spi.PlanitApi.getUserId(PlanitApi.java:642)
	at com.appengine.planit.spi.PlanitApi.getUserId(PlanitApi.java:642)
	at com.appengine.planit.spi.PlanitApi.getUserId(PlanitApi.java:642)
	at com.appengine.planit.spi.PlanitApi.getUserId(PlanitApi.java:642)
	at com.appengine.planit.spi.PlanitApi.getUserId(PlanitApi.java:642)
	at com.appengine.planit.spi.PlanitApi.getUserId(PlanitApi.java:642)
	at com.appengine.planit.spi.PlanitApi.getUserId(PlanitApi.java:642)
	at com.appengine.planit.spi.PlanitApi.getUserId(PlanitApi.java:642)
	at com.appengine.planit.spi.PlanitApi.getUserId(PlanitApi.java:642)
	at com.appengine.planit.spi.PlanitApi.getUserId(PlanitApi.java:642)
	at com.appengine.planit.spi.PlanitApi.getUserId(PlanitApi.java:642)
	at com.appengine.planit.spi.PlanitApi.getUserId(PlanitApi.java:642)
	at com.appengine.planit.spi.PlanitApi.getUserId(PlanitApi.java:642)
	at com.appengine.planit.spi.PlanitApi.getUserId(PlanitApi.java:642)
	at com.appengine.planit.spi.PlanitApi.getUserId(PlanitApi.java:642)
	at com.appengine.planit.spi.PlanitApi.getUserId(PlanitApi.java:642)
	at com.appengine.planit.spi.PlanitApi.getUserId(PlanitApi.java:642)
	at com.appengine.planit.spi.PlanitApi.getUserId(PlanitApi.java:642)
	at com.appengine.planit.spi.PlanitApi.getUserId(PlanitApi.java:642)
	at com.appengine.planit.spi.PlanitApi.getUserId(PlanitApi.java:642)
	at com.appengine.planit.spi.PlanitApi.getUserId(PlanitApi.java:642)
	at com.appengine.planit.spi.PlanitApi.getUserId(PlanitApi.java:642)
	at com.appengine.planit.spi.PlanitApi.getUserId(PlanitApi.java:642)
	at com.appengine.planit.spi.PlanitApi.getUserId(PlanitApi.java:642)
	at com.appengine.planit.spi.PlanitApi.getUserId(PlanitApi.java:642)
	at com.appengine.planit.spi.PlanitApi.getUserId(PlanitApi.java:642)
	at com.appengine.planit.spi.PlanitApi.getUserId(PlanitApi.java:642)
	at com.appengine.planit.spi.PlanitApi.getUserId(PlanitApi.java:642)
	at com.appengine.planit.spi.PlanitApi.getUserId(PlanitApi.java:642)
	at com.appengine.planit.spi.PlanitApi.getUserId(PlanitApi.java:642)
	at com.appengine.planit.spi.PlanitApi.getUserId(PlanitApi.java:642)
	at com.appengine.planit.spi.PlanitApi.getUserId(PlanitApi.java:642)
	at com.appengine.planit.spi.PlanitApi.getUserId(PlanitApi.java:642)
	at com.appengine.planit.spi.PlanitApi.getUserId(PlanitApi.java:642)
	at com.appengine.planit.spi.PlanitApi.getUserId(PlanitApi.java:642)
	at com.appengine.planit.spi.PlanitApi.getUserId(PlanitApi.java:642)
	at com.appengine.planit.spi.PlanitApi.getUserId(PlanitApi.java:642)
	at com.appengine.planit.spi.PlanitApi.getUserId(PlanitApi.java:642)
	at com.appengine.planit.spi.PlanitApi.getUserId(PlanitApi.java:642)
	at com.appengine.planit.spi.PlanitApi.getUserId(PlanitApi.java:642)
	at com.appengine.planit.spi.PlanitApi.getUserId(PlanitApi.java:642)
	at com.appengine.planit.spi.PlanitApi.getUserId(PlanitApi.java:642)
	at com.appengine.planit.spi.PlanitApi.getUserId(PlanitApi.java:642)
	at com.appengine.planit.spi.PlanitApi.getUserId(PlanitApi.java:642)
	at com.appengine.planit.spi.PlanitApi.getUserId(PlanitApi.java:642)
	at com.appengine.planit.spi.PlanitApi.getUserId(PlanitApi.java:642)
	at com.appengine.planit.spi.PlanitApi.getUserId(PlanitApi.java:642)
	at com.appengine.planit.spi.PlanitApi.getUserId(PlanitApi.java:642)
	at com.appengine.planit.spi.PlanitApi.getUserId(PlanitApi.java:642)
	at com.appengine.planit.spi.PlanitApi.getUserId(PlanitApi.java:642)
	at com.appengine.planit.spi.PlanitApi.getUserId(PlanitApi.java:642)
	at com.appengine.planit.spi.PlanitApi.getUserId(PlanitApi.java:642)
	at com.appengine.planit.spi.PlanitApi.getUserId(PlanitApi.java:642)
	at com.appengine.planit.spi.PlanitApi.getUserId(PlanitApi.java:642)
	at com.appengine.planit.spi.PlanitApi.getUserId(PlanitApi.java:642)
	at com.appengine.planit.spi.PlanitApi.getUserId(PlanitApi.java:642)
	at com.appengine.planit.spi.PlanitApi.getUserId(PlanitApi.java:642)
	at com.appengine.planit.spi.PlanitApi.getUserId(PlanitApi.java:642)
	at com.appengine.planit.spi.PlanitApi.getUserId(PlanitApi.java:642)
	at com.appengine.planit.spi.PlanitApi.getUserId(PlanitApi.java:642)
	at com.appengine.planit.spi.PlanitApi.getUserId(PlanitApi.java:642)
	at com.appengine.planit.spi.PlanitApi.getUserId(PlanitApi.java:642)
	at com.appengine.planit.spi.PlanitApi.getUserId(PlanitApi.java:642)
	at com.appengine.planit.spi.PlanitApi.getUserId(PlanitApi.java:642)
	at com.appengine.planit.spi.PlanitApi.getUserId(PlanitApi.java:642)
	at com.appengine.planit.spi.PlanitApi.getUserId(PlanitApi.java:642)
	at com.appengine.planit.spi.PlanitApi.getUserId(PlanitApi.java:642)
	at com.appengine.planit.spi.PlanitApi.getUserId(PlanitApi.java:642)
	at com.appengine.planit.spi.PlanitApi.getUserId(PlanitApi.java:642)
	at com.appengine.planit.spi.PlanitApi.getUserId(PlanitApi.java:642)
	at com.appengine.planit.spi.PlanitApi.getUserId(PlanitApi.java:642)
	at com.appengine.planit.spi.PlanitApi.getUserId(PlanitApi.java:642)
	at com.appengine.planit.spi.PlanitApi.getUserId(PlanitApi.java:642)
	at com.appengine.planit.spi.PlanitApi.getUserId(PlanitApi.java:642)
	at com.appengine.planit.spi.PlanitApi.getUserId(PlanitApi.java:642)
	at com.appengine.planit.spi.PlanitApi.getUserId(PlanitApi.java:642)
	at com.appengine.planit.spi.PlanitApi.getUserId(PlanitApi.java:642)
	at com.appengine.planit.spi.PlanitApi.getUserId(PlanitApi.java:642)
	at com.appengine.planit.spi.PlanitApi.getUserId(PlanitApi.java:642)
	at com.appengine.planit.spi.PlanitApi.getUserId(PlanitApi.java:642)
	at com.appengine.planit.spi.PlanitApi.getUserId(PlanitApi.java:642)
	at com.appengine.planit.spi.PlanitApi.getUserId(PlanitApi.java:642)
	at com.appengine.planit.spi.PlanitApi.getUserId(PlanitApi.java:642)
	at com.appengine.planit.spi.PlanitApi.getUserId(PlanitApi.java:642)
	at com.appengine.planit.spi.PlanitApi.getUserId(PlanitApi.java:642)
	at com.appengine.planit.spi.PlanitApi.getUserId(PlanitApi.java:642)
	at com.appengine.planit.spi.PlanitApi.getUserId(PlanitApi.java:642)
	at com.appengine.planit.spi.PlanitApi.getUserId(PlanitApi.java:642)
	at com.appengine.planit.spi.PlanitApi.getUserId(PlanitApi.java:642)
	at com.appengine.planit.spi.PlanitApi.getUserId(PlanitApi.java:642)
	at com.appengine.planit.spi.PlanitApi.getUserId(PlanitApi.java:642)
	at com.appengine.planit.spi.PlanitApi.getUserId(PlanitApi.java:642)
	at com.appengine.planit.spi.PlanitApi.getUserId(PlanitApi.java:642)
	at com.appengine.planit.spi.PlanitApi.getUserId(PlanitApi.java:642)
	at com.appengine.planit.spi.PlanitApi.getUserId(PlanitApi.java:642)
	at com.appengine.planit.spi.PlanitApi.getUserId(PlanitApi.java:642)
	at com.appengine.planit.spi.PlanitApi.getUserId(PlanitApi.java:642)
	at com.appengine.planit.spi.PlanitApi.getUserId(PlanitApi.java:642)
	at com.appengine.planit.spi.PlanitApi.getUserId(PlanitApi.java:642)
	at com.appengine.planit.spi.PlanitApi.getUserId(PlanitApi.java:642)
	at com.appengine.planit.spi.PlanitApi.getUserId(PlanitApi.java:642)
	at com.appengine.planit.spi.PlanitApi.getUserId(PlanitApi.java:642)
	at com.appengine.planit.spi.PlanitApi.getUserId(PlanitApi.java:642)
	at com.appengine.planit.spi.PlanitApi.getUserId(PlanitApi.java:642)
	at com.appengine.planit.spi.PlanitApi.getUserId(PlanitApi.java:642)
	at com.appengine.planit.spi.PlanitApi.getUserId(PlanitApi.java:642)
	at com.appengine.planit.spi.PlanitApi.getUserId(PlanitApi.java:642)
	at com.appengine.planit.spi.PlanitApi.getUserId(PlanitApi.java:642)
	at com.appengine.planit.spi.PlanitApi.getUserId(PlanitApi.java:642)
	at com.appengine.planit.spi.PlanitApi.getUserId(PlanitApi.java:642)
	at com.appengine.planit.spi.PlanitApi.getUserId(PlanitApi.java:642)
	at com.appengine.planit.spi.PlanitApi.getUserId(PlanitApi.java:642)
	at com.appengine.planit.spi.PlanitApi.getUserId(PlanitApi.java:642)
	at com.appengine.planit.spi.PlanitApi.getUserId(PlanitApi.java:642)
	at com.appengine.planit.spi.PlanitApi.getUserId(PlanitApi.java:642)
	at com.appengine.planit.spi.PlanitApi.getUserId(PlanitApi.java:642)
	at com.appengine.planit.spi.PlanitApi.getUserId(PlanitApi.java:642)
	at com.appengine.planit.spi.PlanitApi.getUserId(PlanitApi.java:642)
	at com.appengine.planit.spi.PlanitApi.getUserId(PlanitApi.java:642)
	at com.appengine.planit.spi.PlanitApi.getUserId(PlanitApi.java:642)
	at com.appengine.planit.spi.PlanitApi.getUserId(PlanitApi.java:642)
	at com.appengine.planit.spi.PlanitApi.getUserId(PlanitApi.java:642)
	at com.appengine.planit.spi.PlanitApi.getUserId(PlanitApi.java:642)
	at com.appengine.planit.spi.PlanitApi.getUserId(PlanitApi.java:642)
	at com.appengine.planit.spi.PlanitApi.getUserId(PlanitApi.java:642)
	at com.appengine.planit.spi.PlanitApi.getUserId(PlanitApi.java:642)
	at com.appengine.planit.spi.PlanitApi.getUserId(PlanitApi.java:642)
	at com.appengine.planit.spi.PlanitApi.getUserId(PlanitApi.java:642)
	at com.appengine.planit.spi.PlanitApi.getUserId(PlanitApi.java:642)
	at com.appengine.planit.spi.PlanitApi.getUserId(PlanitApi.java:642)
	at com.appengine.planit.spi.PlanitApi.getUserId(PlanitApi.java:642)
	at com.appengine.planit.spi.PlanitApi.getUserId(PlanitApi.java:642)
	at com.appengine.planit.spi.PlanitApi.getUserId(PlanitApi.java:642)
	at com.appengine.planit.spi.PlanitApi.getUserId(PlanitApi.java:642)
	at com.appengine.planit.spi.PlanitApi.getUserId(PlanitApi.java:642)
	at com.appengine.planit.spi.PlanitApi.getUserId(PlanitApi.java:642)
	at com.appengine.planit.spi.PlanitApi.getUserId(PlanitApi.java:642)
	at com.appengine.planit.spi.PlanitApi.getUserId(PlanitApi.java:642)
	at com.appengine.planit.spi.PlanitApi.getUserId(PlanitApi.java:642)
	at com.appengine.planit.spi.PlanitApi.getUserId(PlanitApi.java:642)
	at com.appengine.planit.spi.PlanitApi.getUserId(PlanitApi.java:642)
	at com.appengine.planit.spi.PlanitApi.getUserId(PlanitApi.java:642)
	at com.appengine.planit.spi.PlanitApi.getUserId(PlanitApi.java:642)
	at com.appengine.planit.spi.PlanitApi.getUserId(PlanitApi.java:642)
	at com.appengine.planit.spi.PlanitApi.getUserId(PlanitApi.java:642)
	at com.appengine.planit.spi.PlanitApi.getUserId(PlanitApi.java:642)
	at com.appengine.planit.spi.PlanitApi.getUserId(PlanitApi.java:642)
	at com.appengine.planit.spi.PlanitApi.getUserId(PlanitApi.java:642)
	at com.appengine.planit.spi.PlanitApi.getUserId(PlanitApi.java:642)
	at com.appengine.planit.spi.PlanitApi.getUserId(PlanitApi.java:642)
	at com.appengine.planit.spi.PlanitApi.getUserId(PlanitApi.java:642)
	at com.appengine.planit.spi.PlanitApi.getUserId(PlanitApi.java:642)
	at com.appengine.planit.spi.PlanitApi.getUserId(PlanitApi.java:642)
	at com.appengine.planit.spi.PlanitApi.getUserId(PlanitApi.java:642)
	at com.appengine.planit.spi.PlanitApi.getUserId(PlanitApi.java:642)
	at com.appengine.planit.spi.PlanitApi.getUserId(PlanitApi.java:642)
	at com.appengine.planit.spi.PlanitApi.getUserId(PlanitApi.java:642)
	at com.appengine.planit.spi.PlanitApi.getUserId(PlanitApi.java:642)
	at com.appengine.planit.spi.PlanitApi.getUserId(PlanitApi.java:642)
	at com.appengine.planit.spi.PlanitApi.getUserId(PlanitApi.java:642)
	at com.appengine.planit.spi.PlanitApi.getUserId(PlanitApi.java:642)
	at com.appengine.planit.spi.PlanitApi.getUserId(PlanitApi.java:642)
	at com.appengine.planit.spi.PlanitApi.getUserId(PlanitApi.java:642)
	at com.appengine.planit.spi.PlanitApi.getUserId(PlanitApi.java:642)
	at com.appengine.planit.spi.PlanitApi.getUserId(PlanitApi.java:642)
	at com.appengine.planit.spi.PlanitApi.getUserId(PlanitApi.java:642)
	at com.appengine.planit.spi.PlanitApi.getUserId(PlanitApi.java:642)
	at com.appengine.planit.spi.PlanitApi.getUserId(PlanitApi.java:642)
	at com.appengine.planit.spi.PlanitApi.getUserId(PlanitApi.java:642)
	at com.appengine.planit.spi.PlanitApi.getUserId(PlanitApi.java:642)
	at com.appengine.planit.spi.PlanitApi.getUserId(PlanitApi.java:642)
	at com.appengine.planit.spi.PlanitApi.getUserId(PlanitApi.java:642)
	at com.appengine.planit.spi.PlanitApi.getUserId(PlanitApi.java:642)
	at com.appengine.planit.spi.PlanitApi.getUserId(PlanitApi.java:642)
	at com.appengine.planit.spi.PlanitApi.getUserId(PlanitApi.java:642)
	at com.appengine.planit.spi.PlanitApi.getUserId(PlanitApi.java:642)
	at com.appengine.planit.spi.PlanitApi.getUserId(PlanitApi.java:642)
	at com.appengine.planit.spi.PlanitApi.getUserId(PlanitApi.java:642)
	at com.appengine.planit.spi.PlanitApi.getUserId(PlanitApi.java:642)
	at com.appengine.planit.spi.PlanitApi.getUserId(PlanitApi.java:642)
	at com.appengine.planit.spi.PlanitApi.getUserId(PlanitApi.java:642)
	at com.appengine.planit.spi.PlanitApi.getUserId(PlanitApi.java:642)
	at com.appengine.planit.spi.PlanitApi.getUserId(PlanitApi.java:642)
	at com.appengine.planit.spi.PlanitApi.getUserId(PlanitApi.java:642)
	at com.appengine.planit.spi.PlanitApi.getUserId(PlanitApi.java:642)
	at com.appengine.planit.spi.PlanitApi.getUserId(PlanitApi.java:642)
	at com.appengine.planit.spi.PlanitApi.getUserId(PlanitApi.java:642)
	at com.appengine.planit.spi.PlanitApi.getUserId(PlanitApi.java:642)
	at com.appengine.planit.spi.PlanitApi.getUserId(PlanitApi.java:642)
	at com.appengine.planit.spi.PlanitApi.getUserId(PlanitApi.java:642)
	at com.appengine.planit.spi.PlanitApi.getUserId(PlanitApi.java:642)
	at com.appengine.planit.spi.PlanitApi.getUserId(PlanitApi.java:642)
	at com.appengine.planit.spi.PlanitApi.getUserId(PlanitApi.java:642)
	at com.appengine.planit.spi.PlanitApi.getUserId(PlanitApi.java:642)
	at com.appengine.planit.spi.PlanitApi.getUserId(PlanitApi.java:642)
	at com.appengine.planit.spi.PlanitApi.getUserId(PlanitApi.java:642)
	at com.appengine.planit.spi.PlanitApi.getUserId(PlanitApi.java:642)
	at com.appengine.planit.spi.PlanitApi.getUserId(PlanitApi.java:642)
	at com.appengine.planit.spi.PlanitApi.getUserId(PlanitApi.java:642)
	at com.appengine.planit.spi.PlanitApi.getUserId(PlanitApi.java:642)
	at com.appengine.planit.spi.PlanitApi.getUserId(PlanitApi.java:642)
	at com.appengine.planit.spi.PlanitApi.getUserId(PlanitApi.java:642)
	at com.appengine.planit.spi.PlanitApi.getUserId(PlanitApi.java:642)
	at com.appengine.planit.spi.PlanitApi.getUserId(PlanitApi.java:642)
	at com.appengine.planit.spi.PlanitApi.getUserId(PlanitApi.java:642)
	at com.appengine.planit.spi.PlanitApi.getUserId(PlanitApi.java:642)
	at com.appengine.planit.spi.PlanitApi.getUserId(PlanitApi.java:642)
	at com.appengine.planit.spi.PlanitApi.getUserId(PlanitApi.java:642)
	at com.appengine.planit.spi.PlanitApi.getUserId(PlanitApi.java:642)
	at com.appengine.planit.spi.PlanitApi.getUserId(PlanitApi.java:642)
	at com.appengine.planit.spi.PlanitApi.getUserId(PlanitApi.java:642)
	at com.appengine.planit.spi.PlanitApi.getUserId(PlanitApi.java:642)
	at com.appengine.planit.spi.PlanitApi.getUserId(PlanitApi.java:642)
	at com.appengine.planit.spi.PlanitApi.getUserId(PlanitApi.java:642)
	at com.appengine.planit.spi.PlanitApi.getUserId(PlanitApi.java:642)
	at com.appengine.planit.spi.PlanitApi.getUserId(PlanitApi.java:642)
	at com.appengine.planit.spi.PlanitApi.getUserId(PlanitApi.java:642)
	at com.appengine.planit.spi.PlanitApi.getUserId(PlanitApi.java:642)
	at com.appengine.planit.spi.PlanitApi.getUserId(PlanitApi.java:642)
	at com.appengine.planit.spi.PlanitApi.getUserId(PlanitApi.java:642)
	at com.appengine.planit.spi.PlanitApi.getUserId(PlanitApi.java:642)
	at com.appengine.planit.spi.PlanitApi.getUserId(PlanitApi.java:642)
	at com.appengine.planit.spi.PlanitApi.getUserId(PlanitApi.java:642)
	at com.appengine.planit.spi.PlanitApi.getUserId(PlanitApi.java:642)
	at com.appengine.planit.spi.PlanitApi.getUserId(PlanitApi.java:642)
	at com.appengine.planit.spi.PlanitApi.getUserId(PlanitApi.java:642)
	at com.appengine.planit.spi.PlanitApi.getUserId(PlanitApi.java:642)
	at com.appengine.planit.spi.PlanitApi.getUserId(PlanitApi.java:642)
	at com.appengine.planit.spi.PlanitApi.getUserId(PlanitApi.java:642)
	at com.appengine.planit.spi.PlanitApi.getUserId(PlanitApi.java:642)
	at com.appengine.planit.spi.PlanitApi.getUserId(PlanitApi.java:642)
	at com.appengine.planit.spi.PlanitApi.getUserId(PlanitApi.java:642)
	at com.appengine.planit.spi.PlanitApi.getUserId(PlanitApi.java:642)
	at com.appengine.planit.spi.PlanitApi.getUserId(PlanitApi.java:642)
	at com.appengine.planit.spi.PlanitApi.getUserId(PlanitApi.java:642)
	at com.appengine.planit.spi.PlanitApi.getUserId(PlanitApi.java:642)
	at com.appengine.planit.spi.PlanitApi.getUserId(PlanitApi.java:642)
	at com.appengine.planit.spi.PlanitApi.getUserId(PlanitApi.java:642)
	at com.appengine.planit.spi.PlanitApi.getUserId(PlanitApi.java:642)
	at com.appengine.planit.spi.PlanitApi.getUserId(PlanitApi.java:642)
	at com.appengine.planit.spi.PlanitApi.getUserId(PlanitApi.java:642)
	at com.appengine.planit.spi.PlanitApi.getUserId(PlanitApi.java:642)
	at com.appengine.planit.spi.PlanitApi.getUserId(PlanitApi.java:642)
	at com.appengine.planit.spi.PlanitApi.getUserId(PlanitApi.java:642)
	at com.appengine.planit.spi.PlanitApi.getUserId(PlanitApi.java:642)
	at com.appengine.planit.spi.PlanitApi.getUserId(PlanitApi.java:642)
	at com.appengine.planit.spi.PlanitApi.getUserId(PlanitApi.java:642)
	at com.appengine.planit.spi.PlanitApi.getUserId(PlanitApi.java:642)
	at com.appengine.planit.spi.PlanitApi.getUserId(PlanitApi.java:642)
	at com.appengine.planit.spi.PlanitApi.getUserId(PlanitApi.java:642)
	at com.appengine.planit.spi.PlanitApi.getUserId(PlanitApi.java:642)
	at com.appengine.planit.spi.PlanitApi.getUserId(PlanitApi.java:642)
	at com.appengine.planit.spi.PlanitApi.getUserId(PlanitApi.java:642)
	at com.appengine.planit.spi.PlanitApi.getUserId(PlanitApi.java:642)
	at com.appengine.planit.spi.PlanitApi.getUserId(PlanitApi.java:642)
	at com.appengine.planit.spi.PlanitApi.getUserId(PlanitApi.java:642)
	at com.appengine.planit.spi.PlanitApi.getUserId(PlanitApi.java:642)
	at com.appengine.planit.spi.PlanitApi.getUserId(PlanitApi.java:642)
	at com.appengine.planit.spi.PlanitApi.getUserId(PlanitApi.java:642)
	at com.appengine.planit.spi.PlanitApi.getUserId(PlanitApi.java:642)
	at com.appengine.planit.spi.PlanitApi.getUserId(PlanitApi.java:642)
	at com.appengine.planit.spi.PlanitApi.getUserId(PlanitApi.java:642)
	at com.appengine.planit.spi.PlanitApi.getUserId(PlanitApi.java:642)
	at com.appengine.planit.spi.PlanitApi.getUserId(PlanitApi.java:642)
	at com.appengine.planit.spi.PlanitApi.getUserId(PlanitApi.java:642)
	at com.appengine.planit.spi.PlanitApi.getUserId(PlanitApi.java:642)
	at com.appengine.planit.spi.PlanitApi.getUserId(PlanitApi.java:642)
	at com.appengine.planit.spi.PlanitApi.getUserId(PlanitApi.java:642)
	at com.appengine.planit.spi.PlanitApi.getUserId(PlanitApi.java:642)
	at com.appengine.planit.spi.PlanitApi.getUserId(PlanitApi.java:642)
	at com.appengine.planit.spi.PlanitApi.getUserId(PlanitApi.java:642)
	at com.appengine.planit.spi.PlanitApi.getUserId(PlanitApi.java:642)
	at com.appengine.planit.spi.PlanitApi.getUserId(PlanitApi.java:642)
	at com.appengine.planit.spi.PlanitApi.getUserId(PlanitApi.java:642)
	at com.appengine.planit.spi.PlanitApi.getUserId(PlanitApi.java:642)
	at com.appengine.planit.spi.PlanitApi.getUserId(PlanitApi.java:642)
	at com.appengine.planit.spi.PlanitApi.getUserId(PlanitApi.java:642)
	at com.appengine.planit.spi.PlanitApi.getUserId(PlanitApi.java:642)
	at com.appengine.planit.spi.PlanitApi.getUserId(PlanitApi.java:642)
	at com.appengine.planit.spi.PlanitApi.getUserId(PlanitApi.java:642)
	at com.appengine.planit.spi.PlanitApi.getUserId(PlanitApi.java:642)
	at com.appengine.planit.spi.PlanitApi.getUserId(PlanitApi.java:642)
	at com.appengine.planit.spi.PlanitApi.getUserId(PlanitApi.java:642)
	at com.appengine.planit.spi.PlanitApi.getUserId(PlanitApi.java:642)
	at com.appengine.planit.spi.PlanitApi.getUserId(PlanitApi.java:642)
	at com.appengine.planit.spi.PlanitApi.getUserId(PlanitApi.java:642)
	at com.appengine.planit.spi.PlanitApi.getUserId(PlanitApi.java:642)
	at com.appengine.planit.spi.PlanitApi.getUserId(PlanitApi.java:642)
	at com.appengine.planit.spi.PlanitApi.getUserId(PlanitApi.java:642)
	at com.appengine.planit.spi.PlanitApi.getUserId(PlanitApi.java:642)
	at com.appengine.planit.spi.PlanitApi.getUserId(PlanitApi.java:642)
	at com.appengine.planit.spi.PlanitApi.getUserId(PlanitApi.java:642)
	at com.appengine.planit.spi.PlanitApi.getUserId(PlanitApi.java:642)
	at com.appengine.planit.spi.PlanitApi.getUserId(PlanitApi.java:642)
	at com.appengine.planit.spi.PlanitApi.getUserId(PlanitApi.java:642)
	at com.appengine.planit.spi.PlanitApi.getUserId(PlanitApi.java:642)
	at com.appengine.planit.spi.PlanitApi.getUserId(PlanitApi.java:642)
	at com.appengine.planit.spi.PlanitApi.getUserId(PlanitApi.java:642)
	at com.appengine.planit.spi.PlanitApi.getUserId(PlanitApi.java:642)
	at com.appengine.planit.spi.PlanitApi.getUserId(PlanitApi.java:642)
	at com.appengine.planit.spi.PlanitApi.getUserId(PlanitApi.java:642)
	at com.appengine.planit.spi.PlanitApi.getUserId(PlanitApi.java:642)
	at com.appengine.planit.spi.PlanitApi.getUserId(PlanitApi.java:642)
	at com.appengine.planit.spi.PlanitApi.getUserId(PlanitApi.java:642)
	at com.appengine.planit.spi.PlanitApi.getUserId(PlanitApi.java:642)
	at com.appengine.planit.spi.PlanitApi.getUserId(PlanitApi.java:642)
	at com.appengine.planit.spi.PlanitApi.getUserId(PlanitApi.java:642)
	at com.appengine.planit.spi.PlanitApi.getUserId(PlanitApi.java:642)
	at com.appengine.planit.spi.PlanitApi.getUserId(PlanitApi.java:642)
	at com.appengine.planit.spi.PlanitApi.getUserId(PlanitApi.java:642)
	at com.appengine.planit.spi.PlanitApi.getUserId(PlanitApi.java:642)
	at com.appengine.planit.spi.PlanitApi.getUserId(PlanitApi.java:642)
	at com.appengine.planit.spi.PlanitApi.getUserId(PlanitApi.java:642)
	at com.appengine.planit.spi.PlanitApi.getUserId(PlanitApi.java:642)
	at com.appengine.planit.spi.PlanitApi.getUserId(PlanitApi.java:642)
	at com.appengine.planit.spi.PlanitApi.getUserId(PlanitApi.java:642)
	at com.appengine.planit.spi.PlanitApi.getUserId(PlanitApi.java:642)
	at com.appengine.planit.spi.PlanitApi.getUserId(PlanitApi.java:642)
	at com.appengine.planit.spi.PlanitApi.getUserId(PlanitApi.java:642)
	at com.appengine.planit.spi.PlanitApi.getUserId(PlanitApi.java:642)
	at com.appengine.planit.spi.PlanitApi.getUserId(PlanitApi.java:642)
	at com.appengine.planit.spi.PlanitApi.getUserId(PlanitApi.java:642)
	at com.appengine.planit.spi.PlanitApi.getUserId(PlanitApi.java:642)
	at com.appengine.planit.spi.PlanitApi.getUserId(PlanitApi.java:642)
	at com.appengine.planit.spi.PlanitApi.getUserId(PlanitApi.java:642)
	at com.appengine.planit.spi.PlanitApi.getUserId(PlanitApi.java:642)
	at com.appengine.planit.spi.PlanitApi.getUserId(PlanitApi.java:642)
	at com.appengine.planit.spi.PlanitApi.getUserId(PlanitApi.java:642)
	at com.appengine.planit.spi.PlanitApi.getUserId(PlanitApi.java:642)
	at com.appengine.planit.spi.PlanitApi.getUserId(PlanitApi.java:642)
	at com.appengine.planit.spi.PlanitApi.getUserId(PlanitApi.java:642)
	at com.appengine.planit.spi.PlanitApi.getUserId(PlanitApi.java:642)
	at com.appengine.planit.spi.PlanitApi.getUserId(PlanitApi.java:642)
	at com.appengine.planit.spi.PlanitApi.getUserId(PlanitApi.java:642)
	at com.appengine.planit.spi.PlanitApi.getUserId(PlanitApi.java:642)
	at com.appengine.planit.spi.PlanitApi.getUserId(PlanitApi.java:642)
	at com.appengine.planit.spi.PlanitApi.getUserId(PlanitApi.java:642)
	at com.appengine.planit.spi.PlanitApi.getUserId(PlanitApi.java:642)
	at com.appengine.planit.spi.PlanitApi.getUserId(PlanitApi.java:642)
	at com.appengine.planit.spi.PlanitApi.getUserId(PlanitApi.java:642)
	at com.appengine.planit.spi.PlanitApi.getUserId(PlanitApi.java:642)
	at com.appengine.planit.spi.PlanitApi.getUserId(PlanitApi.java:642)
	at com.appengine.planit.spi.PlanitApi.getUserId(PlanitApi.java:642)
	at com.appengine.planit.spi.PlanitApi.getUserId(PlanitApi.java:642)
	at com.appengine.planit.spi.PlanitApi.getUserId(PlanitApi.java:642)
	at com.appengine.planit.spi.PlanitApi.getUserId(PlanitApi.java:642)
	at com.appengine.planit.spi.PlanitApi.getUserId(PlanitApi.java:642)
	at com.appengine.planit.spi.PlanitApi.getUserId(PlanitApi.java:642)
	at com.appengine.planit.spi.PlanitApi.getUserId(PlanitApi.java:642)
	at com.appengine.planit.spi.PlanitApi.getUserId(PlanitApi.java:642)
	at com.appengine.planit.spi.PlanitApi.getUserId(PlanitApi.java:642)
	at com.appengine.planit.spi.PlanitApi.getUserId(PlanitApi.java:642)
	at com.appengine.planit.spi.PlanitApi.getUserId(PlanitApi.java:642)
	at com.appengine.planit.spi.PlanitApi.getUserId(PlanitApi.java:642)
	at com.appengine.planit.spi.PlanitApi.getUserId(PlanitApi.java:642)
	at com.appengine.planit.spi.PlanitApi.getUserId(PlanitApi.java:642)
	at com.appengine.planit.spi.PlanitApi.getUserId(PlanitApi.java:642)
	at com.appengine.planit.spi.PlanitApi.getUserId(PlanitApi.java:642)
	at com.appengine.planit.spi.PlanitApi.getUserId(PlanitApi.java:642)
	at com.appengine.planit.spi.PlanitApi.getUserId(PlanitApi.java:642)
	at com.appengine.planit.spi.PlanitApi.getUserId(PlanitApi.java:642)
	at com.appengine.planit.spi.PlanitApi.getUserId(PlanitApi.java:642)
	at com.appengine.planit.spi.PlanitApi.getUserId(PlanitApi.java:642)
	at com.appengine.planit.spi.PlanitApi.getUserId(PlanitApi.java:642)
	at com.appengine.planit.spi.PlanitApi.getUserId(PlanitApi.java:642)
	at com.appengine.planit.spi.PlanitApi.getUserId(PlanitApi.java:642)
	at com.appengine.planit.spi.PlanitApi.getUserId(PlanitApi.java:642)
	at com.appengine.planit.spi.PlanitApi.getUserId(PlanitApi.java:642)
	at com.appengine.planit.spi.PlanitApi.getUserId(PlanitApi.java:642)
	at com.appengine.planit.spi.PlanitApi.getUserId(PlanitApi.java:642)
	at com.appengine.planit.spi.PlanitApi.getUserId(PlanitApi.java:642)
	at com.appengine.planit.spi.PlanitApi.getUserId(PlanitApi.java:642)
	at com.appengine.planit.spi.PlanitApi.getUserId(PlanitApi.java:642)
	at com.appengine.planit.spi.PlanitApi.getUserId(PlanitApi.java:642)
	at com.appengine.planit.spi.PlanitApi.getUserId(PlanitApi.java:642)
	at com.appengine.planit.spi.PlanitApi.getUserId(PlanitApi.java:642)
	at com.appengine.planit.spi.PlanitApi.getUserId(PlanitApi.java:642)
	at com.appengine.planit.spi.PlanitApi.getUserId(PlanitApi.java:642)
	at com.appengine.planit.spi.PlanitApi.getUserId(PlanitApi.java:642)
	at com.appengine.planit.spi.PlanitApi.getUserId(PlanitApi.java:642)
	at com.appengine.planit.spi.PlanitApi.getUserId(PlanitApi.java:642)
	at com.appengine.planit.spi.PlanitApi.getUserId(PlanitApi.java:642)
	at com.appengine.planit.spi.PlanitApi.getUserId(PlanitApi.java:642)
	at com.appengine.planit.spi.PlanitApi.getUserId(PlanitApi.java:642)
	at com.appengine.planit.spi.PlanitApi.getUserId(PlanitApi.java:642)
	at com.appengine.planit.spi.PlanitApi.getUserId(PlanitApi.java:642)
	at com.appengine.planit.spi.PlanitApi.getUserId(PlanitApi.java:642)
	at com.appengine.planit.spi.PlanitApi.getUserId(PlanitApi.java:642)
	at com.appengine.planit.spi.PlanitApi.getUserId(PlanitApi.java:642)
	at com.appengine.planit.spi.PlanitApi.getUserId(PlanitApi.java:642)
	at com.appengine.planit.spi.PlanitApi.getUserId(PlanitApi.java:642)
	at com.appengine.planit.spi.PlanitApi.getUserId(PlanitApi.java:642)
	at com.appengine.planit.spi.PlanitApi.getUserId(PlanitApi.java:642)
	at com.appengine.planit.spi.PlanitApi.getUserId(PlanitApi.java:642)
	at com.appengine.planit.spi.PlanitApi.getUserId(PlanitApi.java:642)
	at com.appengine.planit.spi.PlanitApi.getUserId(PlanitApi.java:642)
	at com.appengine.planit.spi.PlanitApi.getUserId(PlanitApi.java:642)
	at com.appengine.planit.spi.PlanitApi.getUserId(PlanitApi.java:642)
	at com.appengine.planit.spi.PlanitApi.getUserId(PlanitApi.java:642)
	at com.appengine.planit.spi.PlanitApi.getUserId(PlanitApi.java:642)
	at com.appengine.planit.spi.PlanitApi.getUserId(PlanitApi.java:642)
	at com.appengine.planit.spi.PlanitApi.getUserId(PlanitApi.java:642)
	at com.appengine.planit.spi.PlanitApi.getUserId(PlanitApi.java:642)
	at com.appengine.planit.spi.PlanitApi.getUserId(PlanitApi.java:642)
	at com.appengine.planit.spi.PlanitApi.getUserId(PlanitApi.java:642)
	at com.appengine.planit.spi.PlanitApi.getUserId(PlanitApi.java:642)
	at com.appengine.planit.spi.PlanitApi.getUserId(PlanitApi.java:642)
	at com.appengine.planit.spi.PlanitApi.getUserId(PlanitApi.java:642)
	at com.appengine.planit.spi.PlanitApi.getUserId(PlanitApi.java:642)
	at com.appengine.planit.spi.PlanitApi.getUserId(PlanitApi.java:642)
	at com.appengine.planit.spi.PlanitApi.getUserId(PlanitApi.java:642)
	at com.appengine.planit.spi.PlanitApi.getUserId(PlanitApi.java:642)
	at com.appengine.planit.spi.PlanitApi.getUserId(PlanitApi.java:642)
	at com.appengine.planit.spi.PlanitApi.getUserId(PlanitApi.java:642)
	at com.appengine.planit.spi.PlanitApi.getUserId(PlanitApi.java:642)
	at com.appengine.planit.spi.PlanitApi.getUserId(PlanitApi.java:642)
	at com.appengine.planit.spi.PlanitApi.getUserId(PlanitApi.java:642)
	at com.appengine.planit.spi.PlanitApi.getUserId(PlanitApi.java:642)
	at com.appengine.planit.spi.PlanitApi.getUserId(PlanitApi.java:642)
	at com.appengine.planit.spi.PlanitApi.getUserId(PlanitApi.java:642)
	at com.appengine.planit.spi.PlanitApi.getUserId(PlanitApi.java:642)
	at com.appengine.planit.spi.PlanitApi.getUserId(PlanitApi.java:642)
	at com.appengine.planit.spi.PlanitApi.getUserId(PlanitApi.java:642)
	at com.appengine.planit.spi.PlanitApi.getUserId(PlanitApi.java:642)
	at com.appengine.planit.spi.PlanitApi.getUserId(PlanitApi.java:642)
	at com.appengine.planit.spi.PlanitApi.getUserId(PlanitApi.java:642)
	at com.appengine.planit.spi.PlanitApi.getUserId(PlanitApi.java:642)
	at com.appengine.planit.spi.PlanitApi.getUserId(PlanitApi.java:642)
	at com.appengine.planit.spi.PlanitApi.getUserId(PlanitApi.java:642)
	at com.appengine.planit.spi.PlanitApi.getUserId(PlanitApi.java:642)
	at com.appengine.planit.spi.PlanitApi.getUserId(PlanitApi.java:642)
	at com.appengine.planit.spi.PlanitApi.getUserId(PlanitApi.java:642)
	at com.appengine.planit.spi.PlanitApi.getUserId(PlanitApi.java:642)
	at com.appengine.planit.spi.PlanitApi.getUserId(PlanitApi.java:642)
	at com.appengine.planit.spi.PlanitApi.getUserId(PlanitApi.java:642)
	at com.appengine.planit.spi.PlanitApi.getUserId(PlanitApi.java:642)
	at com.appengine.planit.spi.PlanitApi.getUserId(PlanitApi.java:642)
	at com.appengine.planit.spi.PlanitApi.getUserId(PlanitApi.java:642)
	at com.appengine.planit.spi.PlanitApi.getUserId(PlanitApi.java:642)
	at com.appengine.planit.spi.PlanitApi.getUserId(PlanitApi.java:642)
	at com.appengine.planit.spi.PlanitApi.getUserId(PlanitApi.java:642)
	at com.appengine.planit.spi.PlanitApi.getUserId(PlanitApi.java:642)
	at com.appengine.planit.spi.PlanitApi.getUserId(PlanitApi.java:642)
	at com.appengine.planit.spi.PlanitApi.getUserId(PlanitApi.java:642)
	at com.appengine.planit.spi.PlanitApi.getUserId(PlanitApi.java:642)
	at com.appengine.planit.spi.PlanitApi.getUserId(PlanitApi.java:642)
	at com.appengine.planit.spi.PlanitApi.getUserId(PlanitApi.java:642)
	at com.appengine.planit.spi.PlanitApi.getUserId(PlanitApi.java:642)
	at com.appengine.planit.spi.PlanitApi.getUserId(PlanitApi.java:642)
	at com.appengine.planit.spi.PlanitApi.getUserId(PlanitApi.java:642)
	at com.appengine.planit.spi.PlanitApi.getUserId(PlanitApi.java:642)
	at com.appengine.planit.spi.PlanitApi.getUserId(PlanitApi.java:642)
	at com.appengine.planit.spi.PlanitApi.getUserId(PlanitApi.java:642)
	at com.appengine.planit.spi.PlanitApi.getUserId(PlanitApi.java:642)
	at com.appengine.planit.spi.PlanitApi.getUserId(PlanitApi.java:642)
	at com.appengine.planit.spi.PlanitApi.getUserId(PlanitApi.java:642)
	at com.appengine.planit.spi.PlanitApi.getUserId(PlanitApi.java:642)
	at com.appengine.planit.spi.PlanitApi.getUserId(PlanitApi.java:642)
	at com.appengine.planit.spi.PlanitApi.getUserId(PlanitApi.java:642)
	at com.appengine.planit.spi.PlanitApi.getUserId(PlanitApi.java:642)
	at com.appengine.planit.spi.PlanitApi.getUserId(PlanitApi.java:642)
	at com.appengine.planit.spi.PlanitApi.getUserId(PlanitApi.java:642)
	at com.appengine.planit.spi.PlanitApi.getUserId(PlanitApi.java:642)
	at com.appengine.planit.spi.PlanitApi.getUserId(PlanitApi.java:642)
	at com.appengine.planit.spi.PlanitApi.getUserId(PlanitApi.java:642)
	at com.appengine.planit.spi.PlanitApi.getUserId(PlanitApi.java:642)
	at com.appengine.planit.spi.PlanitApi.getUserId(PlanitApi.java:642)
	at com.appengine.planit.spi.PlanitApi.getUserId(PlanitApi.java:642)
	at com.appengine.planit.spi.PlanitApi.getUserId(PlanitApi.java:642)
	at com.appengine.planit.spi.PlanitApi.getUserId(PlanitApi.java:642)
	at com.appengine.planit.spi.PlanitApi.getUserId(PlanitApi.java:642)
	at com.appengine.planit.spi.PlanitApi.getUserId(PlanitApi.java:642)
	at com.appengine.planit.spi.PlanitApi.getUserId(PlanitApi.java:642)
	at com.appengine.planit.spi.PlanitApi.getUserId(PlanitApi.java:642)
	at com.appengine.planit.spi.PlanitApi.getUserId(PlanitApi.java:642)
	at com.appengine.planit.spi.PlanitApi.getUserId(PlanitApi.java:642)
	at com.appengine.planit.spi.PlanitApi.getUserId(PlanitApi.java:642)
	at com.appengine.planit.spi.PlanitApi.getUserId(PlanitApi.java:642)
	at com.appengine.planit.spi.PlanitApi.getUserId(PlanitApi.java:642)
	at com.appengine.planit.spi.PlanitApi.getUserId(PlanitApi.java:642)
	at com.appengine.planit.spi.PlanitApi.getUserId(PlanitApi.java:642)
	at com.appengine.planit.spi.PlanitApi.getUserId(PlanitApi.java:642)
	at com.appengine.planit.spi.PlanitApi.getUserId(PlanitApi.java:642)
	at com.appengine.planit.spi.PlanitApi.getUserId(PlanitApi.java:642)
	at com.appengine.planit.spi.PlanitApi.getUserId(PlanitApi.java:642)
	at com.appengine.planit.spi.PlanitApi.getUserId(PlanitApi.java:642)
	at com.appengine.planit.spi.PlanitApi.getUserId(PlanitApi.java:642)
	at com.appengine.planit.spi.PlanitApi.getUserId(PlanitApi.java:642)
	at com.appengine.planit.spi.PlanitApi.getUserId(PlanitApi.java:642)
	at com.appengine.planit.spi.PlanitApi.getUserId(PlanitApi.java:642)
	at com.appengine.planit.spi.PlanitApi.getUserId(PlanitApi.java:642)
	at com.appengine.planit.spi.PlanitApi.getUserId(PlanitApi.java:642)
	at com.appengine.planit.spi.PlanitApi.getUserId(PlanitApi.java:642)
	at com.appengine.planit.spi.PlanitApi.getUserId(PlanitApi.java:642)
	at com.appengine.planit.spi.PlanitApi.getUserId(PlanitApi.java:642)
	at com.appengine.planit.spi.PlanitApi.getUserId(PlanitApi.java:642)
	at com.appengine.planit.spi.PlanitApi.getUserId(PlanitApi.java:642)
	at com.appengine.planit.spi.PlanitApi.getUserId(PlanitApi.java:642)
	at com.appengine.planit.spi.PlanitApi.getUserId(PlanitApi.java:642)
	at com.appengine.planit.spi.PlanitApi.getUserId(PlanitApi.java:642)
	at com.appengine.planit.spi.PlanitApi.getUserId(PlanitApi.java:642)
	at com.appengine.planit.spi.PlanitApi.getUserId(PlanitApi.java:642)
	at com.appengine.planit.spi.PlanitApi.getUserId(PlanitApi.java:642)
	at com.appengine.planit.spi.PlanitApi.getUserId(PlanitApi.java:642)
	at com.appengine.planit.spi.PlanitApi.getUserId(PlanitApi.java:642)
	at com.appengine.planit.spi.PlanitApi.getUserId(PlanitApi.java:642)
	at com.appengine.planit.spi.PlanitApi.getUserId(PlanitApi.java:642)
	at com.appengine.planit.spi.PlanitApi.getUserId(PlanitApi.java:642)
	at com.appengine.planit.spi.PlanitApi.getUserId(PlanitApi.java:642)
	at com.appengine.planit.spi.PlanitApi.getUserId(PlanitApi.java:642)
	at com.appengine.planit.spi.PlanitApi.getUserId(PlanitApi.java:642)
	at com.appengine.planit.spi.PlanitApi.getUserId(PlanitApi.java:642)
	at com.appengine.planit.spi.PlanitApi.getUserId(PlanitApi.java:642)
	at com.appengine.planit.spi.PlanitApi.getUserId(PlanitApi.java:642)
	at com.appengine.planit.spi.PlanitApi.getUserId(PlanitApi.java:642)
	at com.appengine.planit.spi.PlanitApi.getUserId(PlanitApi.java:642)

testUpdateProfileWithNulls(com.appengine.planit.spi.PlanitApiTest)  Time elapsed: 0.056 sec  <<< ERROR!
java.lang.StackOverflowError
	at com.appengine.planit.spi.PlanitApi.getUserId(PlanitApi.java:642)
	at com.appengine.planit.spi.PlanitApi.getUserId(PlanitApi.java:642)
	at com.appengine.planit.spi.PlanitApi.getUserId(PlanitApi.java:642)
	at com.appengine.planit.spi.PlanitApi.getUserId(PlanitApi.java:642)
	at com.appengine.planit.spi.PlanitApi.getUserId(PlanitApi.java:642)
	at com.appengine.planit.spi.PlanitApi.getUserId(PlanitApi.java:642)
	at com.appengine.planit.spi.PlanitApi.getUserId(PlanitApi.java:642)
	at com.appengine.planit.spi.PlanitApi.getUserId(PlanitApi.java:642)
	at com.appengine.planit.spi.PlanitApi.getUserId(PlanitApi.java:642)
	at com.appengine.planit.spi.PlanitApi.getUserId(PlanitApi.java:642)
	at com.appengine.planit.spi.PlanitApi.getUserId(PlanitApi.java:642)
	at com.appengine.planit.spi.PlanitApi.getUserId(PlanitApi.java:642)
	at com.appengine.planit.spi.PlanitApi.getUserId(PlanitApi.java:642)
	at com.appengine.planit.spi.PlanitApi.getUserId(PlanitApi.java:642)
	at com.appengine.planit.spi.PlanitApi.getUserId(PlanitApi.java:642)
	at com.appengine.planit.spi.PlanitApi.getUserId(PlanitApi.java:642)
	at com.appengine.planit.spi.PlanitApi.getUserId(PlanitApi.java:642)
	at com.appengine.planit.spi.PlanitApi.getUserId(PlanitApi.java:642)
	at com.appengine.planit.spi.PlanitApi.getUserId(PlanitApi.java:642)
	at com.appengine.planit.spi.PlanitApi.getUserId(PlanitApi.java:642)
	at com.appengine.planit.spi.PlanitApi.getUserId(PlanitApi.java:642)
	at com.appengine.planit.spi.PlanitApi.getUserId(PlanitApi.java:642)
	at com.appengine.planit.spi.PlanitApi.getUserId(PlanitApi.java:642)
	at com.appengine.planit.spi.PlanitApi.getUserId(PlanitApi.java:642)
	at com.appengine.planit.spi.PlanitApi.getUserId(PlanitApi.java:642)
	at com.appengine.planit.spi.PlanitApi.getUserId(PlanitApi.java:642)
	at com.appengine.planit.spi.PlanitApi.getUserId(PlanitApi.java:642)
	at com.appengine.planit.spi.PlanitApi.getUserId(PlanitApi.java:642)
	at com.appengine.planit.spi.PlanitApi.getUserId(PlanitApi.java:642)
	at com.appengine.planit.spi.PlanitApi.getUserId(PlanitApi.java:642)
	at com.appengine.planit.spi.PlanitApi.getUserId(PlanitApi.java:642)
	at com.appengine.planit.spi.PlanitApi.getUserId(PlanitApi.java:642)
	at com.appengine.planit.spi.PlanitApi.getUserId(PlanitApi.java:642)
	at com.appengine.planit.spi.PlanitApi.getUserId(PlanitApi.java:642)
	at com.appengine.planit.spi.PlanitApi.getUserId(PlanitApi.java:642)
	at com.appengine.planit.spi.PlanitApi.getUserId(PlanitApi.java:642)
	at com.appengine.planit.spi.PlanitApi.getUserId(PlanitApi.java:642)
	at com.appengine.planit.spi.PlanitApi.getUserId(PlanitApi.java:642)
	at com.appengine.planit.spi.PlanitApi.getUserId(PlanitApi.java:642)
	at com.appengine.planit.spi.PlanitApi.getUserId(PlanitApi.java:642)
	at com.appengine.planit.spi.PlanitApi.getUserId(PlanitApi.java:642)
	at com.appengine.planit.spi.PlanitApi.getUserId(PlanitApi.java:642)
	at com.appengine.planit.spi.PlanitApi.getUserId(PlanitApi.java:642)
	at com.appengine.planit.spi.PlanitApi.getUserId(PlanitApi.java:642)
	at com.appengine.planit.spi.PlanitApi.getUserId(PlanitApi.java:642)
	at com.appengine.planit.spi.PlanitApi.getUserId(PlanitApi.java:642)
	at com.appengine.planit.spi.PlanitApi.getUserId(PlanitApi.java:642)
	at com.appengine.planit.spi.PlanitApi.getUserId(PlanitApi.java:642)
	at com.appengine.planit.spi.PlanitApi.getUserId(PlanitApi.java:642)
	at com.appengine.planit.spi.PlanitApi.getUserId(PlanitApi.java:642)
	at com.appengine.planit.spi.PlanitApi.getUserId(PlanitApi.java:642)
	at com.appengine.planit.spi.PlanitApi.getUserId(PlanitApi.java:642)
	at com.appengine.planit.spi.PlanitApi.getUserId(PlanitApi.java:642)
	at com.appengine.planit.spi.PlanitApi.getUserId(PlanitApi.java:642)
	at com.appengine.planit.spi.PlanitApi.getUserId(PlanitApi.java:642)
	at com.appengine.planit.spi.PlanitApi.getUserId(PlanitApi.java:642)
	at com.appengine.planit.spi.PlanitApi.getUserId(PlanitApi.java:642)
	at com.appengine.planit.spi.PlanitApi.getUserId(PlanitApi.java:642)
	at com.appengine.planit.spi.PlanitApi.getUserId(PlanitApi.java:642)
	at com.appengine.planit.spi.PlanitApi.getUserId(PlanitApi.java:642)
	at com.appengine.planit.spi.PlanitApi.getUserId(PlanitApi.java:642)
	at com.appengine.planit.spi.PlanitApi.getUserId(PlanitApi.java:642)
	at com.appengine.planit.spi.PlanitApi.getUserId(PlanitApi.java:642)
	at com.appengine.planit.spi.PlanitApi.getUserId(PlanitApi.java:642)
	at com.appengine.planit.spi.PlanitApi.getUserId(PlanitApi.java:642)
	at com.appengine.planit.spi.PlanitApi.getUserId(PlanitApi.java:642)
	at com.appengine.planit.spi.PlanitApi.getUserId(PlanitApi.java:642)
	at com.appengine.planit.spi.PlanitApi.getUserId(PlanitApi.java:642)
	at com.appengine.planit.spi.PlanitApi.getUserId(PlanitApi.java:642)
	at com.appengine.planit.spi.PlanitApi.getUserId(PlanitApi.java:642)
	at com.appengine.planit.spi.PlanitApi.getUserId(PlanitApi.java:642)
	at com.appengine.planit.spi.PlanitApi.getUserId(PlanitApi.java:642)
	at com.appengine.planit.spi.PlanitApi.getUserId(PlanitApi.java:642)
	at com.appengine.planit.spi.PlanitApi.getUserId(PlanitApi.java:642)
	at com.appengine.planit.spi.PlanitApi.getUserId(PlanitApi.java:642)
	at com.appengine.planit.spi.PlanitApi.getUserId(PlanitApi.java:642)
	at com.appengine.planit.spi.PlanitApi.getUserId(PlanitApi.java:642)
	at com.appengine.planit.spi.PlanitApi.getUserId(PlanitApi.java:642)
	at com.appengine.planit.spi.PlanitApi.getUserId(PlanitApi.java:642)
	at com.appengine.planit.spi.PlanitApi.getUserId(PlanitApi.java:642)
	at com.appengine.planit.spi.PlanitApi.getUserId(PlanitApi.java:642)
	at com.appengine.planit.spi.PlanitApi.getUserId(PlanitApi.java:642)
	at com.appengine.planit.spi.PlanitApi.getUserId(PlanitApi.java:642)
	at com.appengine.planit.spi.PlanitApi.getUserId(PlanitApi.java:642)
	at com.appengine.planit.spi.PlanitApi.getUserId(PlanitApi.java:642)
	at com.appengine.planit.spi.PlanitApi.getUserId(PlanitApi.java:642)
	at com.appengine.planit.spi.PlanitApi.getUserId(PlanitApi.java:642)
	at com.appengine.planit.spi.PlanitApi.getUserId(PlanitApi.java:642)
	at com.appengine.planit.spi.PlanitApi.getUserId(PlanitApi.java:642)
	at com.appengine.planit.spi.PlanitApi.getUserId(PlanitApi.java:642)
	at com.appengine.planit.spi.PlanitApi.getUserId(PlanitApi.java:642)
	at com.appengine.planit.spi.PlanitApi.getUserId(PlanitApi.java:642)
	at com.appengine.planit.spi.PlanitApi.getUserId(PlanitApi.java:642)
	at com.appengine.planit.spi.PlanitApi.getUserId(PlanitApi.java:642)
	at com.appengine.planit.spi.PlanitApi.getUserId(PlanitApi.java:642)
	at com.appengine.planit.spi.PlanitApi.getUserId(PlanitApi.java:642)
	at com.appengine.planit.spi.PlanitApi.getUserId(PlanitApi.java:642)
	at com.appengine.planit.spi.PlanitApi.getUserId(PlanitApi.java:642)
	at com.appengine.planit.spi.PlanitApi.getUserId(PlanitApi.java:642)
	at com.appengine.planit.spi.PlanitApi.getUserId(PlanitApi.java:642)
	at com.appengine.planit.spi.PlanitApi.getUserId(PlanitApi.java:642)
	at com.appengine.planit.spi.PlanitApi.getUserId(PlanitApi.java:642)
	at com.appengine.planit.spi.PlanitApi.getUserId(PlanitApi.java:642)
	at com.appengine.planit.spi.PlanitApi.getUserId(PlanitApi.java:642)
	at com.appengine.planit.spi.PlanitApi.getUserId(PlanitApi.java:642)
	at com.appengine.planit.spi.PlanitApi.getUserId(PlanitApi.java:642)
	at com.appengine.planit.spi.PlanitApi.getUserId(PlanitApi.java:642)
	at com.appengine.planit.spi.PlanitApi.getUserId(PlanitApi.java:642)
	at com.appengine.planit.spi.PlanitApi.getUserId(PlanitApi.java:642)
	at com.appengine.planit.spi.PlanitApi.getUserId(PlanitApi.java:642)
	at com.appengine.planit.spi.PlanitApi.getUserId(PlanitApi.java:642)
	at com.appengine.planit.spi.PlanitApi.getUserId(PlanitApi.java:642)
	at com.appengine.planit.spi.PlanitApi.getUserId(PlanitApi.java:642)
	at com.appengine.planit.spi.PlanitApi.getUserId(PlanitApi.java:642)
	at com.appengine.planit.spi.PlanitApi.getUserId(PlanitApi.java:642)
	at com.appengine.planit.spi.PlanitApi.getUserId(PlanitApi.java:642)
	at com.appengine.planit.spi.PlanitApi.getUserId(PlanitApi.java:642)
	at com.appengine.planit.spi.PlanitApi.getUserId(PlanitApi.java:642)
	at com.appengine.planit.spi.PlanitApi.getUserId(PlanitApi.java:642)
	at com.appengine.planit.spi.PlanitApi.getUserId(PlanitApi.java:642)
	at com.appengine.planit.spi.PlanitApi.getUserId(PlanitApi.java:642)
	at com.appengine.planit.spi.PlanitApi.getUserId(PlanitApi.java:642)
	at com.appengine.planit.spi.PlanitApi.getUserId(PlanitApi.java:642)
	at com.appengine.planit.spi.PlanitApi.getUserId(PlanitApi.java:642)
	at com.appengine.planit.spi.PlanitApi.getUserId(PlanitApi.java:642)
	at com.appengine.planit.spi.PlanitApi.getUserId(PlanitApi.java:642)
	at com.appengine.planit.spi.PlanitApi.getUserId(PlanitApi.java:642)
[...]
	at com.appengine.planit.spi.PlanitApi.getUserId(PlanitApi.java:642)
	at com.appengine.planit.spi.PlanitApi.getUserId(PlanitApi.java:642)
	at com.appengine.planit.spi.PlanitApi.getUserId(PlanitApi.java:642)
	at com.appengine.planit.spi.PlanitApi.getUserId(PlanitApi.java:642)
	at com.appengine.planit.spi.PlanitApi.getUserId(PlanitApi.java:642)
	at com.appengine.planit.spi.PlanitApi.getUserId(PlanitApi.java:642)
	at com.appengine.planit.spi.PlanitApi.getUserId(PlanitApi.java:642)
	at com.appengine.planit.spi.PlanitApi.getUserId(PlanitApi.java:642)
	at com.appengine.planit.spi.PlanitApi.getUserId(PlanitApi.java:642)
	at com.appengine.planit.spi.PlanitApi.getUserId(PlanitApi.java:642)
	at com.appengine.planit.spi.PlanitApi.getUserId(PlanitApi.java:642)
	at com.appengine.planit.spi.PlanitApi.getUserId(PlanitApi.java:642)
	at com.appengine.planit.spi.PlanitApi.getUserId(PlanitApi.java:642)
	at com.appengine.planit.spi.PlanitApi.getUserId(PlanitApi.java:642)
	at com.appengine.planit.spi.PlanitApi.getUserId(PlanitApi.java:642)
	at com.appengine.planit.spi.PlanitApi.getUserId(PlanitApi.java:642)
	at com.appengine.planit.spi.PlanitApi.getUserId(PlanitApi.java:642)
	at com.appengine.planit.spi.PlanitApi.getUserId(PlanitApi.java:642)
	at com.appengine.planit.spi.PlanitApi.getUserId(PlanitApi.java:642)
	at com.appengine.planit.spi.PlanitApi.getUserId(PlanitApi.java:642)
	at com.appengine.planit.spi.PlanitApi.getUserId(PlanitApi.java:642)
	at com.appengine.planit.spi.PlanitApi.getUserId(PlanitApi.java:642)
	at com.appengine.planit.spi.PlanitApi.getUserId(PlanitApi.java:642)
	at com.appengine.planit.spi.PlanitApi.getUserId(PlanitApi.java:642)
	at com.appengine.planit.spi.PlanitApi.getUserId(PlanitApi.java:642)
	at com.appengine.planit.spi.PlanitApi.getUserId(PlanitApi.java:642)
	at com.appengine.planit.spi.PlanitApi.getUserId(PlanitApi.java:642)
	at com.appengine.planit.spi.PlanitApi.getUserId(PlanitApi.java:642)
	at com.appengine.planit.spi.PlanitApi.getUserId(PlanitApi.java:642)
	at com.appengine.planit.spi.PlanitApi.getUserId(PlanitApi.java:642)
	at com.appengine.planit.spi.PlanitApi.getUserId(PlanitApi.java:642)
	at com.appengine.planit.spi.PlanitApi.getUserId(PlanitApi.java:642)
	at com.appengine.planit.spi.PlanitApi.getUserId(PlanitApi.java:642)
	at com.appengine.planit.spi.PlanitApi.getUserId(PlanitApi.java:642)
	at com.appengine.planit.spi.PlanitApi.getUserId(PlanitApi.java:642)
	at com.appengine.planit.spi.PlanitApi.getUserId(PlanitApi.java:642)
	at com.appengine.planit.spi.PlanitApi.getUserId(PlanitApi.java:642)
	at com.appengine.planit.spi.PlanitApi.getUserId(PlanitApi.java:642)
	at com.appengine.planit.spi.PlanitApi.getUserId(PlanitApi.java:642)
	at com.appengine.planit.spi.PlanitApi.getUserId(PlanitApi.java:642)
	at com.appengine.planit.spi.PlanitApi.getUserId(PlanitApi.java:642)
	at com.appengine.planit.spi.PlanitApi.getUserId(PlanitApi.java:642)
	at com.appengine.planit.spi.PlanitApi.getUserId(PlanitApi.java:642)
	at com.appengine.planit.spi.PlanitApi.getUserId(PlanitApi.java:642)
	at com.appengine.planit.spi.PlanitApi.getUserId(PlanitApi.java:642)
	at com.appengine.planit.spi.PlanitApi.getUserId(PlanitApi.java:642)
	at com.appengine.planit.spi.PlanitApi.getUserId(PlanitApi.java:642)
	at com.appengine.planit.spi.PlanitApi.getUserId(PlanitApi.java:642)
	at com.appengine.planit.spi.PlanitApi.getUserId(PlanitApi.java:642)
	at com.appengine.planit.spi.PlanitApi.getUserId(PlanitApi.java:642)
	at com.appengine.planit.spi.PlanitApi.getUserId(PlanitApi.java:642)
	at com.appengine.planit.spi.PlanitApi.getUserId(PlanitApi.java:642)
	at com.appengine.planit.spi.PlanitApi.getUserId(PlanitApi.java:642)
	at com.appengine.planit.spi.PlanitApi.getUserId(PlanitApi.java:642)
	at com.appengine.planit.spi.PlanitApi.getUserId(PlanitApi.java:642)
	at com.appengine.planit.spi.PlanitApi.getUserId(PlanitApi.java:642)
	at com.appengine.planit.spi.PlanitApi.getUserId(PlanitApi.java:642)
	at com.appengine.planit.spi.PlanitApi.getUserId(PlanitApi.java:642)
	at com.appengine.planit.spi.PlanitApi.getUserId(PlanitApi.java:642)
	at com.appengine.planit.spi.PlanitApi.getUserId(PlanitApi.java:642)
	at com.appengine.planit.spi.PlanitApi.getUserId(PlanitApi.java:642)
	at com.appengine.planit.spi.PlanitApi.getUserId(PlanitApi.java:642)
	at com.appengine.planit.spi.PlanitApi.getUserId(PlanitApi.java:642)
	at com.appengine.planit.spi.PlanitApi.getUserId(PlanitApi.java:642)
	at com.appengine.planit.spi.PlanitApi.getUserId(PlanitApi.java:642)
	at com.appengine.planit.spi.PlanitApi.getUserId(PlanitApi.java:642)
	at com.appengine.planit.spi.PlanitApi.getUserId(PlanitApi.java:642)
	at com.appengine.planit.spi.PlanitApi.getUserId(PlanitApi.java:642)
	at com.appengine.planit.spi.PlanitApi.getUserId(PlanitApi.java:642)
	at com.appengine.planit.spi.PlanitApi.getUserId(PlanitApi.java:642)
	at com.appengine.planit.spi.PlanitApi.getUserId(PlanitApi.java:642)
	at com.appengine.planit.spi.PlanitApi.getUserId(PlanitApi.java:642)
	at com.appengine.planit.spi.PlanitApi.getUserId(PlanitApi.java:642)
	at com.appengine.planit.spi.PlanitApi.getUserId(PlanitApi.java:642)
	at com.appengine.planit.spi.PlanitApi.getUserId(PlanitApi.java:642)
	at com.appengine.planit.spi.PlanitApi.getUserId(PlanitApi.java:642)
	at com.appengine.planit.spi.PlanitApi.getUserId(PlanitApi.java:642)
	at com.appengine.planit.spi.PlanitApi.getUserId(PlanitApi.java:642)
	at com.appengine.planit.spi.PlanitApi.getUserId(PlanitApi.java:642)
	at com.appengine.planit.spi.PlanitApi.getUserId(PlanitApi.java:642)
	at com.appengine.planit.spi.PlanitApi.getUserId(PlanitApi.java:642)
	at com.appengine.planit.spi.PlanitApi.getUserId(PlanitApi.java:642)
	at com.appengine.planit.spi.PlanitApi.getUserId(PlanitApi.java:642)
	at com.appengine.planit.spi.PlanitApi.getUserId(PlanitApi.java:642)
	at com.appengine.planit.spi.PlanitApi.getUserId(PlanitApi.java:642)
	at com.appengine.planit.spi.PlanitApi.getUserId(PlanitApi.java:642)
	at com.appengine.planit.spi.PlanitApi.getUserId(PlanitApi.java:642)
	at com.appengine.planit.spi.PlanitApi.getUserId(PlanitApi.java:642)
	at com.appengine.planit.spi.PlanitApi.getUserId(PlanitApi.java:642)
	at com.appengine.planit.spi.PlanitApi.getUserId(PlanitApi.java:642)
	at com.appengine.planit.spi.PlanitApi.getUserId(PlanitApi.java:642)
	at com.appengine.planit.spi.PlanitApi.getUserId(PlanitApi.java:642)
	at com.appengine.planit.spi.PlanitApi.getUserId(PlanitApi.java:642)
	at com.appengine.planit.spi.PlanitApi.getUserId(PlanitApi.java:642)
	at com.appengine.planit.spi.PlanitApi.getUserId(PlanitApi.java:642)
	at com.appengine.planit.spi.PlanitApi.getUserId(PlanitApi.java:642)
	at com.appengine.planit.spi.PlanitApi.getUserId(PlanitApi.java:642)
	at com.appengine.planit.spi.PlanitApi.getUserId(PlanitApi.java:642)
	at com.appengine.planit.spi.PlanitApi.getUserId(PlanitApi.java:642)
	at com.appengine.planit.spi.PlanitApi.getUserId(PlanitApi.java:642)
	at com.appengine.planit.spi.PlanitApi.getUserId(PlanitApi.java:642)
	at com.appengine.planit.spi.PlanitApi.getUserId(PlanitApi.java:642)
	at com.appengine.planit.spi.PlanitApi.getUserId(PlanitApi.java:642)
	at com.appengine.planit.spi.PlanitApi.getUserId(PlanitApi.java:642)
	at com.appengine.planit.spi.PlanitApi.getUserId(PlanitApi.java:642)
	at com.appengine.planit.spi.PlanitApi.getUserId(PlanitApi.java:642)
	at com.appengine.planit.spi.PlanitApi.getUserId(PlanitApi.java:642)
	at com.appengine.planit.spi.PlanitApi.getUserId(PlanitApi.java:642)
	at com.appengine.planit.spi.PlanitApi.getUserId(PlanitApi.java:642)
	at com.appengine.planit.spi.PlanitApi.getUserId(PlanitApi.java:642)
	at com.appengine.planit.spi.PlanitApi.getUserId(PlanitApi.java:642)
	at com.appengine.planit.spi.PlanitApi.getUserId(PlanitApi.java:642)
	at com.appengine.planit.spi.PlanitApi.getUserId(PlanitApi.java:642)
	at com.appengine.planit.spi.PlanitApi.getUserId(PlanitApi.java:642)
	at com.appengine.planit.spi.PlanitApi.getUserId(PlanitApi.java:642)
	at com.appengine.planit.spi.PlanitApi.getUserId(PlanitApi.java:642)
	at com.appengine.planit.spi.PlanitApi.getUserId(PlanitApi.java:642)
	at com.appengine.planit.spi.PlanitApi.getUserId(PlanitApi.java:642)
	at com.appengine.planit.spi.PlanitApi.getUserId(PlanitApi.java:642)
	at com.appengine.planit.spi.PlanitApi.getUserId(PlanitApi.java:642)
	at com.appengine.planit.spi.PlanitApi.getUserId(PlanitApi.java:642)
	at com.appengine.planit.spi.PlanitApi.getUserId(PlanitApi.java:642)
	at com.appengine.planit.spi.PlanitApi.getUserId(PlanitApi.java:642)
	at com.appengine.planit.spi.PlanitApi.getUserId(PlanitApi.java:642)
	at com.appengine.planit.spi.PlanitApi.getUserId(PlanitApi.java:642)
	at com.appengine.planit.spi.PlanitApi.getUserId(PlanitApi.java:642)
	at com.appengine.planit.spi.PlanitApi.getUserId(PlanitApi.java:642)
	at com.appengine.planit.spi.PlanitApi.getUserId(PlanitApi.java:642)
	at com.appengine.planit.spi.PlanitApi.getUserId(PlanitApi.java:642)
	at com.appengine.planit.spi.PlanitApi.getUserId(PlanitApi.java:642)
	at com.appengine.planit.spi.PlanitApi.getUserId(PlanitApi.java:642)
	at com.appengine.planit.spi.PlanitApi.getUserId(PlanitApi.java:642)
	at com.appengine.planit.spi.PlanitApi.getUserId(PlanitApi.java:642)
	at com.appengine.planit.spi.PlanitApi.getUserId(PlanitApi.java:642)
	at com.appengine.planit.spi.PlanitApi.getUserId(PlanitApi.java:642)
	at com.appengine.planit.spi.PlanitApi.getUserId(PlanitApi.java:642)
	at com.appengine.planit.spi.PlanitApi.getUserId(PlanitApi.java:642)
	at com.appengine.planit.spi.PlanitApi.getUserId(PlanitApi.java:642)
	at com.appengine.planit.spi.PlanitApi.getUserId(PlanitApi.java:642)
	at com.appengine.planit.spi.PlanitApi.getUserId(PlanitApi.java:642)
	at com.appengine.planit.spi.PlanitApi.getUserId(PlanitApi.java:642)
	at com.appengine.planit.spi.PlanitApi.getUserId(PlanitApi.java:642)
	at com.appengine.planit.spi.PlanitApi.getUserId(PlanitApi.java:642)
	at com.appengine.planit.spi.PlanitApi.getUserId(PlanitApi.java:642)
	at com.appengine.planit.spi.PlanitApi.getUserId(PlanitApi.java:642)
	at com.appengine.planit.spi.PlanitApi.getUserId(PlanitApi.java:642)
	at com.appengine.planit.spi.PlanitApi.getUserId(PlanitApi.java:642)
	at com.appengine.planit.spi.PlanitApi.getUserId(PlanitApi.java:642)
	at com.appengine.planit.spi.PlanitApi.getUserId(PlanitApi.java:642)
	at com.appengine.planit.spi.PlanitApi.getUserId(PlanitApi.java:642)
	at com.appengine.planit.spi.PlanitApi.getUserId(PlanitApi.java:642)
	at com.appengine.planit.spi.PlanitApi.getUserId(PlanitApi.java:642)
	at com.appengine.planit.spi.PlanitApi.getUserId(PlanitApi.java:642)
	at com.appengine.planit.spi.PlanitApi.getUserId(PlanitApi.java:642)
	at com.appengine.planit.spi.PlanitApi.getUserId(PlanitApi.java:642)
	at com.appengine.planit.spi.PlanitApi.getUserId(PlanitApi.java:642)
	at com.appengine.planit.spi.PlanitApi.getUserId(PlanitApi.java:642)
	at com.appengine.planit.spi.PlanitApi.getUserId(PlanitApi.java:642)
	at com.appengine.planit.spi.PlanitApi.getUserId(PlanitApi.java:642)
	at com.appengine.planit.spi.PlanitApi.getUserId(PlanitApi.java:642)
	at com.appengine.planit.spi.PlanitApi.getUserId(PlanitApi.java:642)
	at com.appengine.planit.spi.PlanitApi.getUserId(PlanitApi.java:642)
	at com.appengine.planit.spi.PlanitApi.getUserId(PlanitApi.java:642)
	at com.appengine.planit.spi.PlanitApi.getUserId(PlanitApi.java:642)
	at com.appengine.planit.spi.PlanitApi.getUserId(PlanitApi.java:642)
	at com.appengine.planit.spi.PlanitApi.getUserId(PlanitApi.java:642)
	at com.appengine.planit.spi.PlanitApi.getUserId(PlanitApi.java:642)
	at com.appengine.planit.spi.PlanitApi.getUserId(PlanitApi.java:642)
	at com.appengine.planit.spi.PlanitApi.getUserId(PlanitApi.java:642)
	at com.appengine.planit.spi.PlanitApi.getUserId(PlanitApi.java:642)
	at com.appengine.planit.spi.PlanitApi.getUserId(PlanitApi.java:642)
	at com.appengine.planit.spi.PlanitApi.getUserId(PlanitApi.java:642)
	at com.appengine.planit.spi.PlanitApi.getUserId(PlanitApi.java:642)
	at com.appengine.planit.spi.PlanitApi.getUserId(PlanitApi.java:642)
	at com.appengine.planit.spi.PlanitApi.getUserId(PlanitApi.java:642)
	at com.appengine.planit.spi.PlanitApi.getUserId(PlanitApi.java:642)
	at com.appengine.planit.spi.PlanitApi.getUserId(PlanitApi.java:642)
	at com.appengine.planit.spi.PlanitApi.getUserId(PlanitApi.java:642)
	at com.appengine.planit.spi.PlanitApi.getUserId(PlanitApi.java:642)
	at com.appengine.planit.spi.PlanitApi.getUserId(PlanitApi.java:642)
	at com.appengine.planit.spi.PlanitApi.getUserId(PlanitApi.java:642)
	at com.appengine.planit.spi.PlanitApi.getUserId(PlanitApi.java:642)
	at com.appengine.planit.spi.PlanitApi.getUserId(PlanitApi.java:642)
	at com.appengine.planit.spi.PlanitApi.getUserId(PlanitApi.java:642)
	at com.appengine.planit.spi.PlanitApi.getUserId(PlanitApi.java:642)
	at com.appengine.planit.spi.PlanitApi.getUserId(PlanitApi.java:642)
	at com.appengine.planit.spi.PlanitApi.getUserId(PlanitApi.java:642)
	at com.appengine.planit.spi.PlanitApi.getUserId(PlanitApi.java:642)
	at com.appengine.planit.spi.PlanitApi.getUserId(PlanitApi.java:642)
	at com.appengine.planit.spi.PlanitApi.getUserId(PlanitApi.java:642)
	at com.appengine.planit.spi.PlanitApi.getUserId(PlanitApi.java:642)
	at com.appengine.planit.spi.PlanitApi.getUserId(PlanitApi.java:642)
	at com.appengine.planit.spi.PlanitApi.getUserId(PlanitApi.java:642)
	at com.appengine.planit.spi.PlanitApi.getUserId(PlanitApi.java:642)
	at com.appengine.planit.spi.PlanitApi.getUserId(PlanitApi.java:642)
	at com.appengine.planit.spi.PlanitApi.getUserId(PlanitApi.java:642)
	at com.appengine.planit.spi.PlanitApi.getUserId(PlanitApi.java:642)
	at com.appengine.planit.spi.PlanitApi.getUserId(PlanitApi.java:642)
	at com.appengine.planit.spi.PlanitApi.getUserId(PlanitApi.java:642)
	at com.appengine.planit.spi.PlanitApi.getUserId(PlanitApi.java:642)
	at com.appengine.planit.spi.PlanitApi.getUserId(PlanitApi.java:642)
	at com.appengine.planit.spi.PlanitApi.getUserId(PlanitApi.java:642)
	at com.appengine.planit.spi.PlanitApi.getUserId(PlanitApi.java:642)
	at com.appengine.planit.spi.PlanitApi.getUserId(PlanitApi.java:642)
	at com.appengine.planit.spi.PlanitApi.getUserId(PlanitApi.java:642)
	at com.appengine.planit.spi.PlanitApi.getUserId(PlanitApi.java:642)
	at com.appengine.planit.spi.PlanitApi.getUserId(PlanitApi.java:642)
	at com.appengine.planit.spi.PlanitApi.getUserId(PlanitApi.java:642)
	at com.appengine.planit.spi.PlanitApi.getUserId(PlanitApi.java:642)
	at com.appengine.planit.spi.PlanitApi.getUserId(PlanitApi.java:642)
	at com.appengine.planit.spi.PlanitApi.getUserId(PlanitApi.java:642)
	at com.appengine.planit.spi.PlanitApi.getUserId(PlanitApi.java:642)
	at com.appengine.planit.spi.PlanitApi.getUserId(PlanitApi.java:642)
	at com.appengine.planit.spi.PlanitApi.getUserId(PlanitApi.java:642)
	at com.appengine.planit.spi.PlanitApi.getUserId(PlanitApi.java:642)
	at com.appengine.planit.spi.PlanitApi.getUserId(PlanitApi.java:642)
	at com.appengine.planit.spi.PlanitApi.getUserId(PlanitApi.java:642)
	at com.appengine.planit.spi.PlanitApi.getUserId(PlanitApi.java:642)
	at com.appengine.planit.spi.PlanitApi.getUserId(PlanitApi.java:642)
	at com.appengine.planit.spi.PlanitApi.getUserId(PlanitApi.java:642)
	at com.appengine.planit.spi.PlanitApi.getUserId(PlanitApi.java:642)
	at com.appengine.planit.spi.PlanitApi.getUserId(PlanitApi.java:642)
	at com.appengine.planit.spi.PlanitApi.getUserId(PlanitApi.java:642)
	at com.appengine.planit.spi.PlanitApi.getUserId(PlanitApi.java:642)
	at com.appengine.planit.spi.PlanitApi.getUserId(PlanitApi.java:642)
	at com.appengine.planit.spi.PlanitApi.getUserId(PlanitApi.java:642)
	at com.appengine.planit.spi.PlanitApi.getUserId(PlanitApi.java:642)
	at com.appengine.planit.spi.PlanitApi.getUserId(PlanitApi.java:642)
	at com.appengine.planit.spi.PlanitApi.getUserId(PlanitApi.java:642)
	at com.appengine.planit.spi.PlanitApi.getUserId(PlanitApi.java:642)
	at com.appengine.planit.spi.PlanitApi.getUserId(PlanitApi.java:642)
	at com.appengine.planit.spi.PlanitApi.getUserId(PlanitApi.java:642)
	at com.appengine.planit.spi.PlanitApi.getUserId(PlanitApi.java:642)
	at com.appengine.planit.spi.PlanitApi.getUserId(PlanitApi.java:642)
	at com.appengine.planit.spi.PlanitApi.getUserId(PlanitApi.java:642)
	at com.appengine.planit.spi.PlanitApi.getUserId(PlanitApi.java:642)
	at com.appengine.planit.spi.PlanitApi.getUserId(PlanitApi.java:642)
	at com.appengine.planit.spi.PlanitApi.getUserId(PlanitApi.java:642)
	at com.appengine.planit.spi.PlanitApi.getUserId(PlanitApi.java:642)
	at com.appengine.planit.spi.PlanitApi.getUserId(PlanitApi.java:642)
	at com.appengine.planit.spi.PlanitApi.getUserId(PlanitApi.java:642)
	at com.appengine.planit.spi.PlanitApi.getUserId(PlanitApi.java:642)
	at com.appengine.planit.spi.PlanitApi.getUserId(PlanitApi.java:642)
	at com.appengine.planit.spi.PlanitApi.getUserId(PlanitApi.java:642)
	at com.appengine.planit.spi.PlanitApi.getUserId(PlanitApi.java:642)
	at com.appengine.planit.spi.PlanitApi.getUserId(PlanitApi.java:642)
	at com.appengine.planit.spi.PlanitApi.getUserId(PlanitApi.java:642)
	at com.appengine.planit.spi.PlanitApi.getUserId(PlanitApi.java:642)
	at com.appengine.planit.spi.PlanitApi.getUserId(PlanitApi.java:642)
	at com.appengine.planit.spi.PlanitApi.getUserId(PlanitApi.java:642)
	at com.appengine.planit.spi.PlanitApi.getUserId(PlanitApi.java:642)
	at com.appengine.planit.spi.PlanitApi.getUserId(PlanitApi.java:642)
	at com.appengine.planit.spi.PlanitApi.getUserId(PlanitApi.java:642)
	at com.appengine.planit.spi.PlanitApi.getUserId(PlanitApi.java:642)
	at com.appengine.planit.spi.PlanitApi.getUserId(PlanitApi.java:642)
	at com.appengine.planit.spi.PlanitApi.getUserId(PlanitApi.java:642)
	at com.appengine.planit.spi.PlanitApi.getUserId(PlanitApi.java:642)
	at com.appengine.planit.spi.PlanitApi.getUserId(PlanitApi.java:642)
	at com.appengine.planit.spi.PlanitApi.getUserId(PlanitApi.java:642)
	at com.appengine.planit.spi.PlanitApi.getUserId(PlanitApi.java:642)
	at com.appengine.planit.spi.PlanitApi.getUserId(PlanitApi.java:642)
	at com.appengine.planit.spi.PlanitApi.getUserId(PlanitApi.java:642)
	at com.appengine.planit.spi.PlanitApi.getUserId(PlanitApi.java:642)
	at com.appengine.planit.spi.PlanitApi.getUserId(PlanitApi.java:642)
	at com.appengine.planit.spi.PlanitApi.getUserId(PlanitApi.java:642)
	at com.appengine.planit.spi.PlanitApi.getUserId(PlanitApi.java:642)
	at com.appengine.planit.spi.PlanitApi.getUserId(PlanitApi.java:642)
	at com.appengine.planit.spi.PlanitApi.getUserId(PlanitApi.java:642)
	at com.appengine.planit.spi.PlanitApi.getUserId(PlanitApi.java:642)
	at com.appengine.planit.spi.PlanitApi.getUserId(PlanitApi.java:642)
	at com.appengine.planit.spi.PlanitApi.getUserId(PlanitApi.java:642)
	at com.appengine.planit.spi.PlanitApi.getUserId(PlanitApi.java:642)
	at com.appengine.planit.spi.PlanitApi.getUserId(PlanitApi.java:642)
	at com.appengine.planit.spi.PlanitApi.getUserId(PlanitApi.java:642)
	at com.appengine.planit.spi.PlanitApi.getUserId(PlanitApi.java:642)
	at com.appengine.planit.spi.PlanitApi.getUserId(PlanitApi.java:642)
	at com.appengine.planit.spi.PlanitApi.getUserId(PlanitApi.java:642)
	at com.appengine.planit.spi.PlanitApi.getUserId(PlanitApi.java:642)
	at com.appengine.planit.spi.PlanitApi.getUserId(PlanitApi.java:642)
	at com.appengine.planit.spi.PlanitApi.getUserId(PlanitApi.java:642)
	at com.appengine.planit.spi.PlanitApi.getUserId(PlanitApi.java:642)
	at com.appengine.planit.spi.PlanitApi.getUserId(PlanitApi.java:642)
	at com.appengine.planit.spi.PlanitApi.getUserId(PlanitApi.java:642)
	at com.appengine.planit.spi.PlanitApi.getUserId(PlanitApi.java:642)
	at com.appengine.planit.spi.PlanitApi.getUserId(PlanitApi.java:642)
	at com.appengine.planit.spi.PlanitApi.getUserId(PlanitApi.java:642)
	at com.appengine.planit.spi.PlanitApi.getUserId(PlanitApi.java:642)
	at com.appengine.planit.spi.PlanitApi.getUserId(PlanitApi.java:642)
	at com.appengine.planit.spi.PlanitApi.getUserId(PlanitApi.java:642)

