# JRE version: Java(TM) SE Runtime Environment (8.0_05-b13) (build 1.8.0_05-b13)
# Java VM: Java HotSpot(TM) 64-Bit Server VM (25.5-b02 mixed mode bsd-amd64 compressed oops)
Heap:
 PSYoungGen      total 28160K, used 18441K [0x00000007aab00000, 0x00000007ad380000, 0x00000007c0000000)
  eden space 25088K, 68% used [0x00000007aab00000,0x00000007abbdcf28,0x00000007ac380000)
  from space 3072K, 38% used [0x00000007ac380000,0x00000007ac4a5718,0x00000007ac680000)
  to   space 3072K, 0% used [0x00000007ad080000,0x00000007ad080000,0x00000007ad380000)
 ParOldGen       total 64000K, used 5334K [0x0000000780000000, 0x0000000783e80000, 0x00000007aab00000)
  object space 64000K, 8% used [0x0000000780000000,0x00000007805358a0,0x0000000783e80000)
 Metaspace       used 19208K, capacity 19542K, committed 19840K, reserved 1067008K
  class space    used 2318K, capacity 2402K, committed 2432K, reserved 1048576K
GC Heap History (10 events):
Event: 2.712 GC heap before
{Heap before GC invocations=13 (full 0):
 PSYoungGen      total 12288K, used 11136K [0x00000007aab00000, 0x00000007ab900000, 0x00000007c0000000)
  eden space 10240K, 100% used [0x00000007aab00000,0x00000007ab500000,0x00000007ab500000)
  from space 2048K, 43% used [0x00000007ab700000,0x00000007ab7e0000,0x00000007ab900000)
  to   space 2048K, 0% used [0x00000007ab500000,0x00000007ab500000,0x00000007ab700000)
 ParOldGen       total 64000K, used 3456K [0x0000000780000000, 0x0000000783e80000, 0x00000007aab00000)
  object space 64000K, 5% used [0x0000000780000000,0x0000000780360090,0x0000000783e80000)
 Metaspace       used 12784K, capacity 13000K, committed 13184K, reserved 1060864K
  class space    used 1491K, capacity 1549K, committed 1664K, reserved 1048576K
Event: 2.716 GC heap after
Heap after GC invocations=13 (full 0):
 PSYoungGen      total 12288K, used 1607K [0x00000007aab00000, 0x00000007abf00000, 0x00000007c0000000)
  eden space 10240K, 0% used [0x00000007aab00000,0x00000007aab00000,0x00000007ab500000)
  from space 2048K, 78% used [0x00000007ab500000,0x00000007ab691d38,0x00000007ab700000)
  to   space 2048K, 0% used [0x00000007abd00000,0x00000007abd00000,0x00000007abf00000)
 ParOldGen       total 64000K, used 3796K [0x0000000780000000, 0x0000000783e80000, 0x00000007aab00000)
  object space 64000K, 5% used [0x0000000780000000,0x00000007803b50e0,0x0000000783e80000)
 Metaspace       used 12784K, capacity 13000K, committed 13184K, reserved 1060864K
  class space    used 1491K, capacity 1549K, committed 1664K, reserved 1048576K
}
Event: 2.918 GC heap before
{Heap before GC invocations=14 (full 0):
 PSYoungGen      total 12288K, used 11847K [0x00000007aab00000, 0x00000007abf00000, 0x00000007c0000000)
  eden space 10240K, 100% used [0x00000007aab00000,0x00000007ab500000,0x00000007ab500000)
  from space 2048K, 78% used [0x00000007ab500000,0x00000007ab691d38,0x00000007ab700000)
  to   space 2048K, 0% used [0x00000007abd00000,0x00000007abd00000,0x00000007abf00000)
 ParOldGen       total 64000K, used 3796K [0x0000000780000000, 0x0000000783e80000, 0x00000007aab00000)
  object space 64000K, 5% used [0x0000000780000000,0x00000007803b50e0,0x0000000783e80000)
 Metaspace       used 14151K, capacity 14408K, committed 14592K, reserved 1062912K
  class space    used 1659K, capacity 1741K, committed 1792K, reserved 1048576K
Event: 2.921 GC heap after
Heap after GC invocations=14 (full 0):
 PSYoungGen      total 17920K, used 1591K [0x00000007aab00000, 0x00000007ac000000, 0x00000007c0000000)
  eden space 15872K, 0% used [0x00000007aab00000,0x00000007aab00000,0x00000007aba80000)
  from space 2048K, 77% used [0x00000007abd00000,0x00000007abe8dfc8,0x00000007abf00000)
  to   space 2560K, 0% used [0x00000007aba80000,0x00000007aba80000,0x00000007abd00000)
 ParOldGen       total 64000K, used 4124K [0x0000000780000000, 0x0000000783e80000, 0x00000007aab00000)
  object space 64000K, 6% used [0x0000000780000000,0x0000000780407110,0x0000000783e80000)
 Metaspace       used 14151K, capacity 14408K, committed 14592K, reserved 1062912K
  class space    used 1659K, capacity 1741K, committed 1792K, reserved 1048576K
}
Event: 3.158 GC heap before
{Heap before GC invocations=15 (full 0):
 PSYoungGen      total 17920K, used 17463K [0x00000007aab00000, 0x00000007ac000000, 0x00000007c0000000)
  eden space 15872K, 100% used [0x00000007aab00000,0x00000007aba80000,0x00000007aba80000)
  from space 2048K, 77% used [0x00000007abd00000,0x00000007abe8dfc8,0x00000007abf00000)
  to   space 2560K, 0% used [0x00000007aba80000,0x00000007aba80000,0x00000007abd00000)
 ParOldGen       total 64000K, used 4124K [0x0000000780000000, 0x0000000783e80000, 0x00000007aab00000)
  object space 64000K, 6% used [0x0000000780000000,0x0000000780407110,0x0000000783e80000)
 Metaspace       used 15274K, capacity 15528K, committed 15744K, reserved 1062912K
  class space    used 1782K, capacity 1837K, committed 1920K, reserved 1048576K
Event: 3.164 GC heap after
Heap after GC invocations=15 (full 0):
 PSYoungGen      total 18432K, used 1372K [0x00000007aab00000, 0x00000007ac900000, 0x00000007c0000000)
  eden space 15872K, 0% used [0x00000007aab00000,0x00000007aab00000,0x00000007aba80000)
  from space 2560K, 53% used [0x00000007aba80000,0x00000007abbd7398,0x00000007abd00000)
  to   space 2560K, 0% used [0x00000007ac680000,0x00000007ac680000,0x00000007ac900000)
 ParOldGen       total 64000K, used 4378K [0x0000000780000000, 0x0000000783e80000, 0x00000007aab00000)
  object space 64000K, 6% used [0x0000000780000000,0x0000000780446bd8,0x0000000783e80000)
 Metaspace       used 15274K, capacity 15528K, committed 15744K, reserved 1062912K
  class space    used 1782K, capacity 1837K, committed 1920K, reserved 1048576K
}
Event: 3.620 GC heap before
{Heap before GC invocations=16 (full 0):
 PSYoungGen      total 18432K, used 17244K [0x00000007aab00000, 0x00000007ac900000, 0x00000007c0000000)
  eden space 15872K, 100% used [0x00000007aab00000,0x00000007aba80000,0x00000007aba80000)
  from space 2560K, 53% used [0x00000007aba80000,0x00000007abbd7398,0x00000007abd00000)
  to   space 2560K, 0% used [0x00000007ac680000,0x00000007ac680000,0x00000007ac900000)
 ParOldGen       total 64000K, used 4378K [0x0000000780000000, 0x0000000783e80000, 0x00000007aab00000)
  object space 64000K, 6% used [0x0000000780000000,0x0000000780446bd8,0x0000000783e80000)
 Metaspace       used 17471K, capacity 17740K, committed 18048K, reserved 1064960K
  class space    used 2096K, capacity 2167K, committed 2176K, reserved 1048576K
Event: 3.626 GC heap after
Heap after GC invocations=16 (full 0):
 PSYoungGen      total 27648K, used 2558K [0x00000007aab00000, 0x00000007aca00000, 0x00000007c0000000)
  eden space 25088K, 0% used [0x00000007aab00000,0x00000007aab00000,0x00000007ac380000)
  from space 2560K, 99% used [0x00000007ac680000,0x00000007ac8ffae8,0x00000007ac900000)
  to   space 3072K, 0% used [0x00000007ac380000,0x00000007ac380000,0x00000007ac680000)
 ParOldGen       total 64000K, used 4943K [0x0000000780000000, 0x0000000783e80000, 0x00000007aab00000)
  object space 64000K, 7% used [0x0000000780000000,0x00000007804d3c38,0x0000000783e80000)
 Metaspace       used 17471K, capacity 17740K, committed 18048K, reserved 1064960K
  class space    used 2096K, capacity 2167K, committed 2176K, reserved 1048576K
}
Event: 684.146 GC heap before
{Heap before GC invocations=17 (full 0):
 PSYoungGen      total 27648K, used 27646K [0x00000007aab00000, 0x00000007aca00000, 0x00000007c0000000)
  eden space 25088K, 100% used [0x00000007aab00000,0x00000007ac380000,0x00000007ac380000)
  from space 2560K, 99% used [0x00000007ac680000,0x00000007ac8ffae8,0x00000007ac900000)
  to   space 3072K, 0% used [0x00000007ac380000,0x00000007ac380000,0x00000007ac680000)
 ParOldGen       total 64000K, used 4943K [0x0000000780000000, 0x0000000783e80000, 0x00000007aab00000)
  object space 64000K, 7% used [0x0000000780000000,0x00000007804d3c38,0x0000000783e80000)
 Metaspace       used 18257K, capacity 18546K, committed 18688K, reserved 1064960K
  class space    used 2185K, capacity 2264K, committed 2304K, reserved 1048576K
Event: 684.174 GC heap after
Heap after GC invocations=17 (full 0):
 PSYoungGen      total 28160K, used 1173K [0x00000007aab00000, 0x00000007ad380000, 0x00000007c0000000)
  eden space 25088K, 0% used [0x00000007aab00000,0x00000007aab00000,0x00000007ac380000)
  from space 3072K, 38% used [0x00000007ac380000,0x00000007ac4a5718,0x00000007ac680000)
  to   space 3072K, 0% used [0x00000007ad080000,0x00000007ad080000,0x00000007ad380000)
 ParOldGen       total 64000K, used 5334K [0x0000000780000000, 0x0000000783e80000, 0x00000007aab00000)
  object space 64000K, 8% used [0x0000000780000000,0x00000007805358a0,0x0000000783e80000)
 Metaspace       used 18257K, capacity 18546K, committed 18688K, reserved 1064960K
  class space    used 2185K, capacity 2264K, committed 2304K, reserved 1048576K
}

